2026-06-27 15:42:24 [INFO] SistemaBecas: === Iniciando Sistema Inteligente de Becados ===
2026-06-27 15:42:37 [INFO] SistemaBecas: Aplicación iniciada correctamente.
2026-06-27 15:44:40 [INFO] SistemaBecas: Aplicación cerrada.
2026-06-27 19:45:33 [INFO] SistemaBecas: === Iniciando Sistema Inteligente de Becados ===
2026-06-27 19:45:43 [INFO] SistemaBecas: Aplicación iniciada correctamente.
2026-06-27 19:51:53 [INFO] SistemaBecas: === Iniciando Sistema Inteligente de Becados ===
2026-06-27 19:51:58 [INFO] SistemaBecas: Aplicación iniciada correctamente.
2026-06-27 19:54:56 [INFO] SistemaBecas: Estudiante creado: Elias Oliva (ID=101)
2026-06-27 19:56:01 [INFO] SistemaBecas: Estudiante actualizado ID=101
2026-06-27 20:03:15 [INFO] SistemaBecas: Reporte PDF generado: C:\Users\Lenovo\Desktop\SistemaBecas\reports\reporte_1_20260627_200315.pdf
2026-06-27 20:22:39 [INFO] SistemaBecas: === Iniciando Sistema Inteligente de Becados ===
2026-06-27 20:22:49 [INFO] SistemaBecas: Aplicación iniciada correctamente.
2026-06-27 20:24:29 [INFO] SistemaBecas: Aplicación cerrada.
2026-06-27 20:24:49 [INFO] SistemaBecas: === Iniciando Sistema Inteligente de Becados ===
2026-06-27 20:24:53 [INFO] SistemaBecas: Aplicación iniciada correctamente.
2026-06-27 20:30:35 [INFO] SistemaBecas: Aplicación cerrada.
2026-06-27 20:30:48 [INFO] SistemaBecas: === Iniciando Sistema Inteligente de Becados ===
2026-06-27 20:30:53 [INFO] SistemaBecas: Aplicación iniciada correctamente.
2026-06-27 20:38:49 [INFO] SistemaBecas: === Iniciando Sistema Inteligente de Becados ===
2026-06-27 20:38:54 [INFO] SistemaBecas: Aplicación iniciada correctamente.
2026-06-27 20:41:26 [INFO] SistemaBecas: === Iniciando Sistema Inteligente de Becados ===
2026-06-27 20:41:31 [INFO] SistemaBecas: Aplicación iniciada correctamente.
2026-06-27 20:42:31 [INFO] SistemaBecas: Reporte general generado: C:\Users\Lenovo\Desktop\SistemaBecas\reports\reporte_riesgo_20260627_204230.pdf
2026-06-27 20:48:34 [INFO] SistemaBecas: === Iniciando Sistema Inteligente de Becados ===
2026-06-27 20:48:39 [INFO] SistemaBecas: Aplicación iniciada correctamente.
2026-06-27 20:56:41 [INFO] SistemaBecas: Aplicación cerrada.
2026-06-27 21:03:52 [INFO] SistemaBecas: === Iniciando Sistema Inteligente de Becados ===
2026-06-27 21:03:57 [INFO] SistemaBecas: Aplicación iniciada correctamente.
2026-06-27 21:05:03 [INFO] SistemaBecas: Estudiante creado: Emerson Eli Mendoza Lemus (ID=102)
2026-06-27 21:06:00 [INFO] SistemaBecas: Estudiante actualizado ID=1
2026-06-27 21:08:02 [INFO] SistemaBecas: Estudiante eliminado ID=101
2026-06-27 21:08:26 [INFO] SistemaBecas: Estudiante actualizado ID=102
2026-06-27 21:19:47 [INFO] SistemaBecas: === Iniciando Sistema Inteligente de Becados ===
2026-06-27 21:19:52 [INFO] SistemaBecas: Aplicación iniciada correctamente.
2026-06-27 21:26:35 [INFO] SistemaBecas: === Iniciando Sistema Inteligente de Becados ===
2026-06-27 21:26:40 [INFO] SistemaBecas: Aplicación iniciada correctamente.
2026-06-27 21:32:13 [INFO] SistemaBecas: === Iniciando Sistema Inteligente de Becados ===
2026-06-27 21:32:18 [INFO] SistemaBecas: Aplicación iniciada correctamente.
2026-06-27 21:37:59 [INFO] SistemaBecas: === Iniciando Sistema Inteligente de Becados ===
2026-06-27 21:38:04 [INFO] SistemaBecas: Aplicación iniciada correctamente.
2026-06-27 21:38:44 [INFO] SistemaBecas: Aplicación cerrada.
2026-06-27 21:42:44 [INFO] SistemaBecas: === Iniciando Sistema Inteligente de Becados ===
2026-06-27 21:42:49 [INFO] SistemaBecas: Aplicación iniciada correctamente.
2026-06-27 21:48:24 [INFO] SistemaBecas: Aplicación cerrada.
2026-06-27 21:52:30 [INFO] SistemaBecas: Abriendo formulario de estudiante: edit=False id=None
2026-06-27 21:52:57 [INFO] SistemaBecas: Abriendo formulario de estudiante: edit=False id=None
2026-06-27 21:53:43 [INFO] SistemaBecas: === Iniciando Sistema Inteligente de Becados ===
2026-06-27 21:53:48 [INFO] SistemaBecas: Aplicación iniciada correctamente.
2026-06-27 21:53:55 [INFO] SistemaBecas: Abriendo formulario de estudiante: edit=False id=None
2026-06-27 21:54:08 [INFO] SistemaBecas: Abriendo formulario de estudiante: edit=True id=2
2026-06-27 21:56:10 [INFO] SistemaBecas: Abriendo formulario de estudiante: edit=False id=None
2026-06-27 21:56:14 [INFO] SistemaBecas: Abriendo formulario de estudiante: edit=True id=2
2026-06-27 21:56:37 [INFO] SistemaBecas: Abriendo formulario de estudiante: edit=True id=2
2026-06-27 21:56:51 [INFO] SistemaBecas: Abriendo formulario de estudiante: edit=True id=102
2026-06-27 22:00:09 [INFO] SistemaBecas: Abriendo formulario de estudiante: edit=False id=None
2026-06-27 22:01:03 [INFO] SistemaBecas: Abriendo formulario de estudiante: edit=False id=None
2026-06-27 22:01:39 [INFO] SistemaBecas: Aplicación cerrada.
2026-06-27 22:01:44 [INFO] SistemaBecas: === Iniciando Sistema Inteligente de Becados ===
2026-06-27 22:01:53 [INFO] SistemaBecas: Aplicación iniciada correctamente.
2026-06-27 22:02:39 [INFO] SistemaBecas: Abriendo formulario de estudiante: edit=False id=None
2026-06-27 22:02:46 [INFO] SistemaBecas: Abriendo formulario de estudiante: edit=True id=10
2026-06-27 22:02:54 [INFO] SistemaBecas: Aplicación cerrada.
2026-06-27 22:11:54 [INFO] SistemaBecas: === Iniciando Sistema Inteligente de Becados ===
2026-06-27 22:11:58 [INFO] SistemaBecas: Aplicación iniciada correctamente.
2026-06-27 22:21:05 [INFO] SistemaBecas: Aplicación cerrada.
2026-06-27 23:01:23 [INFO] SistemaBecas: === Iniciando Sistema Inteligente de Becados ===
2026-06-27 23:02:22 [INFO] SistemaBecas: Aplicación iniciada correctamente.
2026-06-27 23:04:38 [INFO] SistemaBecas: Estudiante creado: Alicia Guzman Lopez Villanueva (ID=103)
2026-06-27 23:06:08 [INFO] SistemaBecas: Asistencia registrada ID=4861
2026-06-27 23:06:44 [INFO] SistemaBecas: Aplicación cerrada.
2026-06-27 23:06:50 [INFO] SistemaBecas: === Iniciando Sistema Inteligente de Becados ===
2026-06-27 23:07:03 [INFO] SistemaBecas: Aplicación iniciada correctamente.
2026-06-27 23:07:28 [INFO] SistemaBecas: Aplicación cerrada.
2026-06-27 23:07:31 [INFO] SistemaBecas: === Iniciando Sistema Inteligente de Becados ===
2026-06-27 23:07:42 [INFO] SistemaBecas: Aplicación iniciada correctamente.
2026-06-27 23:14:44 [INFO] SistemaBecas: Aplicación cerrada.
2026-06-27 23:14:58 [INFO] SistemaBecas: === Iniciando Sistema Inteligente de Becados ===
2026-06-27 23:15:11 [INFO] SistemaBecas: Aplicación iniciada correctamente.
2026-06-27 23:17:37 [INFO] SistemaBecas: Estudiante actualizado ID=72
2026-06-27 23:19:17 [INFO] SistemaBecas: Aplicación cerrada.
2026-06-27 23:19:36 [INFO] SistemaBecas: === Iniciando Sistema Inteligente de Becados ===
2026-06-27 23:19:46 [INFO] SistemaBecas: Aplicación iniciada correctamente.
2026-06-27 23:22:59 [INFO] SistemaBecas: Reporte general generado: C:\Users\danie\OneDrive\Desktop\SistemaBecas\SistemaBecas\reports\reporte_riesgo_20260627_232259.pdf
2026-06-27 23:23:12 [INFO] SistemaBecas: Reporte general generado: C:\Users\danie\OneDrive\Desktop\SistemaBecas\SistemaBecas\reports\reporte_general_20260627_232312.pdf
2026-06-27 23:23:16 [INFO] SistemaBecas: Reporte general generado: C:\Users\danie\OneDrive\Desktop\SistemaBecas\SistemaBecas\reports\reporte_general_20260627_232315.pdf
2026-06-27 23:24:53 [INFO] SistemaBecas: Aplicación cerrada.
2026-06-28 08:42:59 [INFO] SistemaBecas: === Iniciando Sistema Inteligente de Becados ===
2026-06-28 08:43:08 [INFO] SistemaBecas: Aplicación iniciada correctamente.
2026-06-28 08:43:32 [INFO] SistemaBecas: Aplicación cerrada.
2026-06-28 08:46:17 [INFO] SistemaBecas: === Iniciando Sistema Inteligente de Becados ===
2026-06-28 08:46:27 [INFO] SistemaBecas: Aplicación iniciada correctamente.
2026-06-28 08:47:57 [INFO] SistemaBecas: Aplicación cerrada.
2026-06-28 08:50:27 [INFO] SistemaBecas: === Iniciando Sistema Inteligente de Becados ===
2026-06-28 08:50:39 [INFO] SistemaBecas: Aplicación iniciada correctamente.
2026-06-28 08:53:30 [INFO] SistemaBecas: Aplicación cerrada.
2026-06-28 08:58:55 [INFO] SistemaBecas: === Iniciando Sistema Inteligente de Becados ===
2026-06-28 08:59:10 [INFO] SistemaBecas: Aplicación iniciada correctamente.
2026-06-28 09:03:26 [INFO] SistemaBecas: === Iniciando Sistema Inteligente de Becados ===
2026-06-28 09:03:40 [INFO] SistemaBecas: Aplicación iniciada correctamente.
2026-06-28 09:06:55 [INFO] SistemaBecas: Aplicación cerrada.
2026-06-28 09:07:13 [INFO] SistemaBecas: === Iniciando Sistema Inteligente de Becados ===
2026-06-28 09:07:21 [INFO] SistemaBecas: Aplicación iniciada correctamente.
2026-06-28 09:10:52 [INFO] SistemaBecas: Aplicación cerrada.
2026-06-28 09:10:59 [INFO] SistemaBecas: === Iniciando Sistema Inteligente de Becados ===
2026-06-28 09:11:08 [INFO] SistemaBecas: Aplicación iniciada correctamente.
2026-06-28 09:11:29 [INFO] SistemaBecas: Reporte general generado: C:\Users\danie\OneDrive\Desktop\SistemaBecas\SistemaBecas\reports\reporte_general_20260628_091129.pdf
2026-06-28 09:14:35 [INFO] SistemaBecas: Aplicación cerrada.
2026-06-28 09:14:49 [INFO] SistemaBecas: === Iniciando Sistema Inteligente de Becados ===
2026-06-28 09:14:58 [INFO] SistemaBecas: Aplicación iniciada correctamente.
2026-06-28 09:15:48 [INFO] SistemaBecas: Reporte general generado: C:\Users\danie\OneDrive\Desktop\SistemaBecas\SistemaBecas\reports\reporte_general_20260628_091548.pdf
2026-06-28 09:16:59 [INFO] SistemaBecas: Aplicación cerrada.
2026-06-28 09:17:04 [INFO] SistemaBecas: === Iniciando Sistema Inteligente de Becados ===
2026-06-28 09:17:13 [INFO] SistemaBecas: Aplicación iniciada correctamente.
2026-06-28 09:17:40 [INFO] SistemaBecas: Reporte general generado: C:\Users\danie\OneDrive\Desktop\SistemaBecas\SistemaBecas\reports\reporte_general_20260628_091740.pdf
2026-06-28 09:19:27 [INFO] SistemaBecas: Aplicación cerrada.
2026-06-28 09:19:34 [INFO] SistemaBecas: === Iniciando Sistema Inteligente de Becados ===
2026-06-28 09:21:04 [INFO] SistemaBecas: === Iniciando Sistema Inteligente de Becados ===
2026-06-28 09:27:34 [INFO] SistemaBecas: === Iniciando Sistema Inteligente de Becados ===
2026-06-28 09:29:40 [INFO] SistemaBecas: === Iniciando Sistema Inteligente de Becados ===
2026-06-28 09:29:52 [INFO] SistemaBecas: Aplicación iniciada correctamente.
2026-06-28 09:34:25 [INFO] SistemaBecas: Aplicación cerrada.
2026-06-28 09:34:32 [INFO] SistemaBecas: === Iniciando Sistema Inteligente de Becados ===
2026-06-28 09:34:40 [INFO] SistemaBecas: Aplicación iniciada correctamente.
2026-06-28 09:38:59 [INFO] SistemaBecas: Aplicación cerrada.
2026-06-28 09:39:06 [INFO] SistemaBecas: === Iniciando Sistema Inteligente de Becados ===
2026-06-28 09:39:14 [INFO] SistemaBecas: Aplicación iniciada correctamente.
2026-06-28 09:42:20 [INFO] SistemaBecas: Aplicación cerrada.
2026-06-28 09:42:26 [INFO] SistemaBecas: === Iniciando Sistema Inteligente de Becados ===
2026-06-28 09:42:33 [INFO] SistemaBecas: Aplicación iniciada correctamente.
2026-06-28 09:43:26 [INFO] SistemaBecas: Backup creado: C:\Users\danie\OneDrive\Desktop\SistemaBecas\SistemaBecas\data\backups\becados_backup_20260628_094326.xlsx
2026-06-28 09:48:21 [INFO] SistemaBecas: Aplicación cerrada.
2026-06-28 09:48:50 [INFO] SistemaBecas: Reporte general generado: C:\Users\danie\OneDrive\Desktop\SistemaBecas\SistemaBecas\reports\test_preview.pdf
2026-06-28 09:49:13 [INFO] SistemaBecas: === Iniciando Sistema Inteligente de Becados ===
2026-06-28 09:49:24 [INFO] SistemaBecas: Aplicación iniciada correctamente.
2026-06-28 09:50:31 [INFO] SistemaBecas: Reporte general generado: C:\Users\danie\OneDrive\Desktop\SistemaBecas\SistemaBecas\reports\reporte_general_20260628_095031.pdf
2026-06-28 09:51:31 [INFO] SistemaBecas: Aplicación cerrada.
2026-06-28 09:51:42 [INFO] SistemaBecas: === Iniciando Sistema Inteligente de Becados ===
2026-06-28 09:51:50 [INFO] SistemaBecas: Aplicación iniciada correctamente.
2026-06-28 09:52:08 [INFO] SistemaBecas: Reporte general generado: C:\Users\danie\OneDrive\Desktop\SistemaBecas\SistemaBecas\reports\reporte_general_20260628_095208.pdf
2026-06-28 09:57:40 [INFO] SistemaBecas: Aplicación cerrada.
2026-06-28 09:57:48 [INFO] SistemaBecas: === Iniciando Sistema Inteligente de Becados ===
2026-06-28 09:57:57 [INFO] SistemaBecas: Aplicación iniciada correctamente.
2026-06-28 10:00:08 [INFO] SistemaBecas: Aplicación cerrada.
2026-06-28 10:00:14 [INFO] SistemaBecas: === Iniciando Sistema Inteligente de Becados ===
2026-06-28 10:00:23 [INFO] SistemaBecas: Aplicación iniciada correctamente.
2026-06-28 10:05:47 [INFO] SistemaBecas: Aplicación cerrada.
2026-06-28 10:08:28 [INFO] SistemaBecas: === Iniciando Sistema Inteligente de Becados ===
2026-06-28 10:08:37 [INFO] SistemaBecas: Aplicación iniciada correctamente.
2026-06-28 10:10:59 [INFO] SistemaBecas: Aplicación cerrada.
2026-06-28 10:11:10 [INFO] SistemaBecas: === Iniciando Sistema Inteligente de Becados ===
2026-06-28 10:11:18 [INFO] SistemaBecas: Aplicación iniciada correctamente.
2026-06-28 10:22:09 [INFO] SistemaBecas: Aplicación cerrada.
2026-06-28 10:24:53 [INFO] SistemaBecas: === Iniciando Sistema Inteligente de Becados ===
2026-06-28 10:25:05 [INFO] SistemaBecas: Aplicación iniciada correctamente.
2026-06-28 10:25:54 [INFO] SistemaBecas: Aplicación cerrada.
2026-06-28 10:26:01 [INFO] SistemaBecas: === Iniciando Sistema Inteligente de Becados ===
2026-06-28 10:26:10 [INFO] SistemaBecas: Aplicación iniciada correctamente.
2026-06-28 10:28:38 [INFO] SistemaBecas: Aplicación cerrada.
2026-06-28 10:29:46 [INFO] SistemaBecas: === Iniciando Sistema Inteligente de Becados ===
2026-06-28 10:29:57 [INFO] SistemaBecas: Aplicación iniciada correctamente.
2026-06-28 10:33:47 [INFO] SistemaBecas: === Iniciando Sistema Inteligente de Becados ===
2026-06-28 10:33:59 [INFO] SistemaBecas: Aplicación iniciada correctamente.
2026-06-28 10:35:44 [INFO] SistemaBecas: === Iniciando Sistema Inteligente de Becados ===
2026-06-28 10:35:55 [INFO] SistemaBecas: Aplicación iniciada correctamente.
2026-06-28 10:39:18 [INFO] SistemaBecas: === Iniciando Sistema Inteligente de Becados ===
2026-06-28 10:40:08 [INFO] SistemaBecas: === Iniciando Sistema Inteligente de Becados ===
2026-06-28 10:40:18 [INFO] SistemaBecas: Aplicación iniciada correctamente.
2026-06-28 10:44:24 [INFO] SistemaBecas: === Iniciando Sistema Inteligente de Becados ===
2026-06-28 10:44:36 [INFO] SistemaBecas: Aplicación iniciada correctamente.
2026-06-28 10:51:22 [INFO] SistemaBecas: === Iniciando Sistema Inteligente de Becados ===
2026-06-28 10:51:33 [INFO] SistemaBecas: Aplicación iniciada correctamente.
2026-06-28 12:25:53 [INFO] SistemaBecas: Aplicación cerrada.
2026-06-28 16:00:02 [INFO] SistemaBecas: === Iniciando Sistema Inteligente de Becados ===
2026-06-28 16:00:10 [INFO] SistemaBecas: Aplicación iniciada correctamente.
2026-06-28 16:17:10 [INFO] SistemaBecas: Aplicación cerrada.
2026-06-28 16:17:19 [INFO] SistemaBecas: === Iniciando Sistema Inteligente de Becados ===
2026-06-28 16:17:24 [INFO] SistemaBecas: Aplicación iniciada correctamente.
2026-06-28 16:24:29 [INFO] SistemaBecas: Aplicación cerrada.
2026-06-28 16:24:35 [INFO] SistemaBecas: === Iniciando Sistema Inteligente de Becados ===
2026-06-28 16:24:39 [INFO] SistemaBecas: Aplicación iniciada correctamente.
2026-06-28 16:29:05 [INFO] SistemaBecas: Aplicación cerrada.
2026-06-28 16:29:19 [INFO] SistemaBecas: === Iniciando Sistema Inteligente de Becados ===
2026-06-28 16:29:23 [INFO] SistemaBecas: Aplicación iniciada correctamente.
2026-06-28 16:29:56 [INFO] SistemaBecas: Aplicación cerrada.
2026-06-28 16:30:01 [INFO] SistemaBecas: === Iniciando Sistema Inteligente de Becados ===
2026-06-28 16:30:05 [INFO] SistemaBecas: Aplicación iniciada correctamente.
2026-06-28 16:45:09 [INFO] SistemaBecas: Aplicación cerrada.
2026-06-28 16:45:13 [INFO] SistemaBecas: === Iniciando Sistema Inteligente de Becados ===
2026-06-28 16:45:18 [INFO] SistemaBecas: Aplicación iniciada correctamente.
2026-06-28 16:46:45 [INFO] SistemaBecas: Aplicación cerrada.
2026-06-28 16:46:50 [INFO] SistemaBecas: === Iniciando Sistema Inteligente de Becados ===
2026-06-28 16:46:55 [INFO] SistemaBecas: Aplicación iniciada correctamente.
2026-06-28 16:49:56 [INFO] SistemaBecas: Aplicación cerrada.
2026-06-28 16:50:00 [INFO] SistemaBecas: === Iniciando Sistema Inteligente de Becados ===
2026-06-28 16:50:04 [INFO] SistemaBecas: Aplicación iniciada correctamente.
2026-06-28 16:50:39 [INFO] SistemaBecas: Aplicación cerrada.
2026-06-28 16:50:45 [INFO] SistemaBecas: === Iniciando Sistema Inteligente de Becados ===
2026-06-28 16:50:50 [INFO] SistemaBecas: Aplicación iniciada correctamente.
2026-06-28 16:54:01 [INFO] SistemaBecas: Backup creado: C:\Users\Lenovo\Downloads\SistemaBecas1.0\data\backups\becados_backup_20260628_165401.xlsx
2026-06-28 16:55:07 [INFO] SistemaBecas: Reporte general generado: C:\Users\Lenovo\Downloads\SistemaBecas1.0\reports\reporte_general_20260628_165507.pdf
2026-06-28 16:59:18 [INFO] SistemaBecas: Aplicación cerrada.
2026-06-28 16:59:30 [INFO] SistemaBecas: === Iniciando Sistema Inteligente de Becados ===
2026-06-28 16:59:34 [INFO] SistemaBecas: Aplicación iniciada correctamente.
2026-06-28 17:00:48 [INFO] SistemaBecas: Aplicación cerrada.
2026-06-28 17:00:52 [INFO] SistemaBecas: === Iniciando Sistema Inteligente de Becados ===
2026-06-28 17:00:56 [INFO] SistemaBecas: Aplicación iniciada correctamente.
2026-06-28 17:03:18 [INFO] SistemaBecas: Aplicación cerrada.
2026-06-28 17:03:21 [INFO] SistemaBecas: === Iniciando Sistema Inteligente de Becados ===
2026-06-28 17:03:26 [INFO] SistemaBecas: Aplicación iniciada correctamente.
2026-06-28 17:05:10 [INFO] SistemaBecas: Aplicación cerrada.
2026-06-28 17:17:52 [INFO] SistemaBecas: === Iniciando Sistema Inteligente de Becados ===
2026-06-28 17:17:56 [INFO] SistemaBecas: Aplicación iniciada correctamente.
2026-06-28 17:38:44 [INFO] SistemaBecas: Aplicación cerrada.
2026-06-28 17:48:53 [INFO] SistemaBecas: === Iniciando Sistema Inteligente de Becados ===
2026-06-28 17:48:57 [INFO] SistemaBecas: Aplicación iniciada correctamente.
2026-06-28 17:52:42 [INFO] SistemaBecas: Aplicación cerrada.
2026-06-28 20:32:41 [INFO] SistemaBecas: === Iniciando Sistema Inteligente de Becados ===
2026-06-28 20:32:50 [INFO] SistemaBecas: Aplicación iniciada correctamente.
2026-06-28 20:34:22 [INFO] SistemaBecas: Aplicación cerrada.
2026-06-28 22:24:40 [INFO] SistemaBecas: === Iniciando Sistema Inteligente de Becados ===
2026-06-28 22:24:45 [INFO] SistemaBecas: Aplicación iniciada correctamente.
2026-06-28 22:44:23 [INFO] SistemaBecas: Aplicación cerrada.
2026-06-28 22:54:11 [INFO] SistemaBecas: === Iniciando Sistema Inteligente de Becados ===
2026-06-28 22:54:16 [INFO] SistemaBecas: Aplicación iniciada correctamente.
2026-06-28 22:55:55 [INFO] SistemaBecas: Aplicación cerrada.
2026-06-28 22:57:55 [INFO] SistemaBecas: === Iniciando Sistema Inteligente de Becados ===
2026-06-28 22:58:00 [INFO] SistemaBecas: Aplicación iniciada correctamente.
2026-06-28 22:59:55 [INFO] SistemaBecas: Aplicación cerrada.
2026-06-28 23:00:01 [INFO] SistemaBecas: === Iniciando Sistema Inteligente de Becados ===
2026-06-28 23:00:05 [INFO] SistemaBecas: Aplicación iniciada correctamente.
2026-06-28 23:06:39 [INFO] SistemaBecas: Aplicación cerrada.
2026-06-28 23:06:52 [INFO] SistemaBecas: === Iniciando Sistema Inteligente de Becados ===
2026-06-28 23:06:57 [INFO] SistemaBecas: Aplicación iniciada correctamente.
2026-06-28 23:09:39 [INFO] SistemaBecas: Reporte PDF generado: C:\Users\Lenovo\Downloads\SistemaBecas1.0\reports\reporte_2_20260628_230939.pdf
2026-06-28 23:21:45 [INFO] SistemaBecas: Aplicación cerrada.
2026-06-28 23:30:25 [INFO] SistemaBecas: === Iniciando Sistema Inteligente de Becados ===
2026-06-28 23:30:30 [INFO] SistemaBecas: Aplicación iniciada correctamente.
2026-06-28 23:42:28 [INFO] SistemaBecas: Aplicación cerrada.
2026-06-28 23:42:46 [INFO] SistemaBecas: === Iniciando Sistema Inteligente de Becados ===
2026-06-28 23:42:50 [INFO] SistemaBecas: Aplicación iniciada correctamente.
2026-06-28 23:54:02 [INFO] SistemaBecas: Aplicación cerrada.
2026-06-28 23:54:07 [INFO] SistemaBecas: === Iniciando Sistema Inteligente de Becados ===
2026-06-28 23:54:11 [INFO] SistemaBecas: Aplicación iniciada correctamente.
2026-06-28 23:58:34 [INFO] SistemaBecas: Aplicación cerrada.
2026-06-28 23:58:52 [INFO] SistemaBecas: === Iniciando Sistema Inteligente de Becados ===
2026-06-28 23:58:57 [INFO] SistemaBecas: Aplicación iniciada correctamente.
2026-06-28 23:59:58 [INFO] SistemaBecas: Aplicación cerrada.
2026-06-29 00:00:03 [INFO] SistemaBecas: === Iniciando Sistema Inteligente de Becados ===
2026-06-29 00:00:07 [INFO] SistemaBecas: Aplicación iniciada correctamente.
2026-06-29 00:01:57 [INFO] SistemaBecas: Aplicación cerrada.
2026-06-29 00:05:45 [INFO] SistemaBecas: === Iniciando Sistema Inteligente de Becados ===
2026-06-29 00:05:49 [INFO] SistemaBecas: Aplicación iniciada correctamente.
2026-06-29 00:11:16 [INFO] SistemaBecas: Aplicación cerrada.
2026-06-29 00:11:22 [INFO] SistemaBecas: === Iniciando Sistema Inteligente de Becados ===
2026-06-29 00:11:27 [INFO] SistemaBecas: Aplicación iniciada correctamente.
2026-06-29 00:14:15 [INFO] SistemaBecas: === Iniciando Sistema Inteligente de Becados ===
2026-06-29 00:14:24 [INFO] SistemaBecas: Aplicación iniciada correctamente.
2026-06-29 00:16:20 [INFO] SistemaBecas: Aplicación cerrada.
2026-06-29 09:00:22 [INFO] SistemaBecas: === Iniciando Sistema Inteligente de Becados ===
2026-06-29 09:00:29 [INFO] SistemaBecas: Aplicación iniciada correctamente.
2026-06-29 09:29:38 [INFO] SistemaBecas: Aplicación cerrada.
2026-06-29 09:32:08 [INFO] SistemaBecas: === Iniciando Sistema Inteligente de Becados ===
2026-06-29 09:32:12 [INFO] SistemaBecas: Aplicación iniciada correctamente.
2026-06-29 09:53:09 [INFO] SistemaBecas: Aplicación cerrada.
2026-06-29 09:53:59 [INFO] SistemaBecas: === Iniciando Sistema Inteligente de Becados ===
2026-06-29 09:54:03 [INFO] SistemaBecas: Aplicación iniciada correctamente.
2026-06-29 10:11:08 [INFO] SistemaBecas: Aplicación cerrada.
2026-06-29 10:13:23 [INFO] SistemaBecas: === Iniciando Sistema Inteligente de Becados ===
2026-06-29 10:13:27 [INFO] SistemaBecas: Aplicación iniciada correctamente.
2026-06-29 10:19:34 [INFO] SistemaBecas: Aplicación cerrada.
2026-06-29 10:21:02 [INFO] SistemaBecas: === Iniciando Sistema Inteligente de Becados ===
2026-06-29 10:21:06 [INFO] SistemaBecas: Aplicación iniciada correctamente.
2026-06-29 10:21:06 [WARNING] SistemaBecas: Error calculando indicador para {'ID': 1, 'Codigo': 'BEC20210001', 'Nombre': 'Sofía Marisol', 'Apellido': 'Martínez Gutiérrez', 'Universidad': 'Universidad de El Salvador', 'Carrera': 'Psicología', 'Ciclo': '2', 'Correo': 'sofía.martínez@email.com', 'Telefono': '7704-7912', 'FechaIngreso': '2024-02-17', 'Monitor': 'Lic. Ana Mejía', 'Estado': 'Activo', 'Fotografia': 'nan'}: cannot convert float NaN to integer
2026-06-29 10:21:06 [WARNING] SistemaBecas: Error calculando indicador para {'ID': 2, 'Codigo': 'BEC20240002', 'Nombre': 'María', 'Apellido': 'Pérez Díaz', 'Universidad': 'Universidad Francisco Gavidia', 'Carrera': 'Licenciatura en Administración de Empresas', 'Ciclo': '9', 'Correo': 'maría.pérez@email.com', 'Telefono': '7529-4611', 'FechaIngreso': '2020-02-24', 'Monitor': 'Lic. Roberto Chávez', 'Estado': 'Activo', 'Fotografia': 'nan'}: cannot convert float NaN to integer
2026-06-29 10:21:06 [WARNING] SistemaBecas: Error calculando indicador para {'ID': 3, 'Codigo': 'BEC20210003', 'Nombre': 'Rosa', 'Apellido': 'Gutiérrez García', 'Universidad': 'Universidad Don Bosco', 'Carrera': 'Licenciatura en Contaduría Pública', 'Ciclo': '5', 'Correo': 'rosa.gutiérrez@email.com', 'Telefono': '7259-4527', 'FechaIngreso': '2023-11-30', 'Monitor': 'Lic. María López', 'Estado': 'Activo', 'Fotografia': 'nan'}: cannot convert float NaN to integer
2026-06-29 10:21:06 [WARNING] SistemaBecas: Error calculando indicador para {'ID': 4, 'Codigo': 'BEC20220004', 'Nombre': 'Miguel', 'Apellido': 'Pérez Ruiz', 'Universidad': 'Universidad Tecnológica de El Salvador', 'Carrera': 'Ingeniería en Sistemas Informáticos', 'Ciclo': '8', 'Correo': 'miguel.pérez@email.com', 'Telefono': '7649-3045', 'FechaIngreso': '2023-05-21', 'Monitor': 'Lic. Roberto Chávez', 'Estado': 'Activo', 'Fotografia': 'nan'}: cannot convert float NaN to integer
2026-06-29 10:21:06 [WARNING] SistemaBecas: Error calculando indicador para {'ID': 5, 'Codigo': 'BEC20240005', 'Nombre': 'Laura', 'Apellido': 'Molina Vargas', 'Universidad': 'Universidad Francisco Gavidia', 'Carrera': 'Licenciatura en Administración de Empresas', 'Ciclo': '2', 'Correo': 'laura.molina@email.com', 'Telefono': '7146-4733', 'FechaIngreso': '2022-01-10', 'Monitor': 'Lic. María López', 'Estado': 'Inactivo', 'Fotografia': 'nan'}: cannot convert float NaN to integer
2026-06-29 10:21:06 [WARNING] SistemaBecas: Error calculando indicador para {'ID': 6, 'Codigo': 'BEC20230006', 'Nombre': 'Laura', 'Apellido': 'Cruz Rodríguez', 'Universidad': 'Universidad Tecnológica de El Salvador', 'Carrera': 'Ingeniería Industrial', 'Ciclo': '6', 'Correo': 'laura.cruz@email.com', 'Telefono': '7463-4432', 'FechaIngreso': '2023-07-25', 'Monitor': 'Lic. María López', 'Estado': 'Activo', 'Fotografia': 'nan'}: cannot convert float NaN to integer
2026-06-29 10:21:06 [WARNING] SistemaBecas: Error calculando indicador para {'ID': 7, 'Codigo': 'BEC20210007', 'Nombre': 'Luis', 'Apellido': 'Campos Flores', 'Universidad': 'Universidad Don Bosco', 'Carrera': 'Medicina', 'Ciclo': '5', 'Correo': 'luis.campos@email.com', 'Telefono': '7755-4598', 'FechaIngreso': '2020-11-30', 'Monitor': 'Lic. María López', 'Estado': 'Activo', 'Fotografia': 'nan'}: cannot convert float NaN to integer
2026-06-29 10:21:06 [WARNING] SistemaBecas: Error calculando indicador para {'ID': 8, 'Codigo': 'BEC20230008', 'Nombre': 'Ana', 'Apellido': 'Cruz López', 'Universidad': 'Universidad de El Salvador', 'Carrera': 'Licenciatura en Administración de Empresas', 'Ciclo': '10', 'Correo': 'ana.cruz@email.com', 'Telefono': '7997-6155', 'FechaIngreso': '2021-07-02', 'Monitor': 'Lic. Carlos Rivas', 'Estado': 'Inactivo', 'Fotografia': 'nan'}: cannot convert float NaN to integer
2026-06-29 10:21:06 [WARNING] SistemaBecas: Error calculando indicador para {'ID': 9, 'Codigo': 'BEC20210009', 'Nombre': 'Sandra', 'Apellido': 'Aguilar Ramos', 'Universidad': 'Universidad Francisco Gavidia', 'Carrera': 'Psicología', 'Ciclo': '5', 'Correo': 'sandra.aguilar@email.com', 'Telefono': '7864-8019', 'FechaIngreso': '2021-05-20', 'Monitor': 'Lic. Roberto Chávez', 'Estado': 'Activo', 'Fotografia': 'nan'}: cannot convert float NaN to integer
2026-06-29 10:21:06 [WARNING] SistemaBecas: Error calculando indicador para {'ID': 10, 'Codigo': 'BEC20200010', 'Nombre': 'Paola', 'Apellido': 'Cruz Ramírez', 'Universidad': 'Universidad de El Salvador', 'Carrera': 'Licenciatura en Ciencias de la Computación', 'Ciclo': '3', 'Correo': 'paola.cruz@email.com', 'Telefono': '7742-3621', 'FechaIngreso': '2024-03-27', 'Monitor': 'Lic. Roberto Chávez', 'Estado': 'Activo', 'Fotografia': 'nan'}: cannot convert float NaN to integer
2026-06-29 10:21:06 [WARNING] SistemaBecas: Error calculando indicador para {'ID': 11, 'Codigo': 'BEC20230011', 'Nombre': 'Víctor', 'Apellido': 'González Ruiz', 'Universidad': 'Universidad Tecnológica de El Salvador', 'Carrera': 'Psicología', 'Ciclo': '1', 'Correo': 'víctor.gonzález@email.com', 'Telefono': '7796-2876', 'FechaIngreso': '2022-12-19', 'Monitor': 'Lic. María López', 'Estado': 'Activo', 'Fotografia': 'nan'}: cannot convert float NaN to integer
2026-06-29 10:21:06 [WARNING] SistemaBecas: Error calculando indicador para {'ID': 12, 'Codigo': 'BEC20230012', 'Nombre': 'Gabriela', 'Apellido': 'Sánchez Vargas', 'Universidad': 'Universidad Tecnológica de El Salvador', 'Carrera': 'Psicología', 'Ciclo': '3', 'Correo': 'gabriela.sánchez@email.com', 'Telefono': '7619-2743', 'FechaIngreso': '2020-01-07', 'Monitor': 'Lic. María López', 'Estado': 'Activo', 'Fotografia': 'nan'}: cannot convert float NaN to integer
2026-06-29 10:21:06 [WARNING] SistemaBecas: Error calculando indicador para {'ID': 13, 'Codigo': 'BEC20210013', 'Nombre': 'Guillermo', 'Apellido': 'Campos Gómez', 'Universidad': 'Universidad Francisco Gavidia', 'Carrera': 'Ingeniería en Sistemas Informáticos', 'Ciclo': '10', 'Correo': 'guillermo.campos@email.com', 'Telefono': '7431-9005', 'FechaIngreso': '2023-01-09', 'Monitor': 'Lic. Ana Mejía', 'Estado': 'Activo', 'Fotografia': 'nan'}: cannot convert float NaN to integer
2026-06-29 10:21:06 [WARNING] SistemaBecas: Error calculando indicador para {'ID': 14, 'Codigo': 'BEC20210014', 'Nombre': 'Sofía', 'Apellido': 'Moreno Mendoza', 'Universidad': 'Universidad de El Salvador', 'Carrera': 'Licenciatura en Ciencias de la Computación', 'Ciclo': '8', 'Correo': 'sofía.moreno@email.com', 'Telefono': '7935-2133', 'FechaIngreso': '2023-03-07', 'Monitor': 'Lic. Carlos Rivas', 'Estado': 'Activo', 'Fotografia': 'nan'}: cannot convert float NaN to integer
2026-06-29 10:21:06 [WARNING] SistemaBecas: Error calculando indicador para {'ID': 15, 'Codigo': 'BEC20240015', 'Nombre': 'Pedro', 'Apellido': 'Núñez Molina', 'Universidad': 'Universidad Don Bosco', 'Carrera': 'Licenciatura en Administración de Empresas', 'Ciclo': '9', 'Correo': 'pedro.núñez@email.com', 'Telefono': '7873-4295', 'FechaIngreso': '2023-05-27', 'Monitor': 'Lic. María López', 'Estado': 'Activo', 'Fotografia': 'nan'}: cannot convert float NaN to integer
2026-06-29 10:21:06 [WARNING] SistemaBecas: Error calculando indicador para {'ID': 16, 'Codigo': 'BEC20230016', 'Nombre': 'Verónica', 'Apellido': 'Moreno Vega', 'Universidad': 'Universidad Centroamericana José Simeón Cañas', 'Carrera': 'Licenciatura en Administración de Empresas', 'Ciclo': '2', 'Correo': 'verónica.moreno@email.com', 'Telefono': '7446-1344', 'FechaIngreso': '2020-09-04', 'Monitor': 'Lic. Carlos Rivas', 'Estado': 'Suspendido', 'Fotografia': 'nan'}: cannot convert float NaN to integer
2026-06-29 10:21:06 [WARNING] SistemaBecas: Error calculando indicador para {'ID': 17, 'Codigo': 'BEC20200017', 'Nombre': 'Rosa', 'Apellido': 'Cruz García', 'Universidad': 'Universidad de El Salvador', 'Carrera': 'Ingeniería en Sistemas Informáticos', 'Ciclo': '6', 'Correo': 'rosa.cruz@email.com', 'Telefono': '7172-9423', 'FechaIngreso': '2021-04-13', 'Monitor': 'Lic. Carlos Rivas', 'Estado': 'Activo', 'Fotografia': 'nan'}: cannot convert float NaN to integer
2026-06-29 10:21:06 [WARNING] SistemaBecas: Error calculando indicador para {'ID': 18, 'Codigo': 'BEC20240018', 'Nombre': 'Lucía', 'Apellido': 'Rojas Díaz', 'Universidad': 'Universidad Don Bosco', 'Carrera': 'Licenciatura en Administración de Empresas', 'Ciclo': '8', 'Correo': 'lucía.rojas@email.com', 'Telefono': '7926-7669', 'FechaIngreso': '2023-03-26', 'Monitor': 'Lic. Carlos Rivas', 'Estado': 'Activo', 'Fotografia': 'nan'}: cannot convert float NaN to integer
2026-06-29 10:21:06 [WARNING] SistemaBecas: Error calculando indicador para {'ID': 19, 'Codigo': 'BEC20230019', 'Nombre': 'Miguel', 'Apellido': 'Rodríguez Medina', 'Universidad': 'Universidad de El Salvador', 'Carrera': 'Licenciatura en Ciencias de la Computación', 'Ciclo': '1', 'Correo': 'miguel.rodríguez@email.com', 'Telefono': '7512-6559', 'FechaIngreso': '2022-08-14', 'Monitor': 'Lic. Ana Mejía', 'Estado': 'Activo', 'Fotografia': 'nan'}: cannot convert float NaN to integer
2026-06-29 10:21:06 [WARNING] SistemaBecas: Error calculando indicador para {'ID': 20, 'Codigo': 'BEC20210020', 'Nombre': 'Daniela', 'Apellido': 'Gómez Gómez', 'Universidad': 'Universidad Centroamericana José Simeón Cañas', 'Carrera': 'Ingeniería Civil', 'Ciclo': '8', 'Correo': 'daniela.gómez@email.com', 'Telefono': '7355-2235', 'FechaIngreso': '2022-05-14', 'Monitor': 'Lic. Roberto Chávez', 'Estado': 'Activo', 'Fotografia': 'nan'}: cannot convert float NaN to integer
2026-06-29 10:21:06 [WARNING] SistemaBecas: Error calculando indicador para {'ID': 21, 'Codigo': 'BEC20240021', 'Nombre': 'Claudia', 'Apellido': 'Rodríguez Hernández', 'Universidad': 'Universidad de El Salvador', 'Carrera': 'Licenciatura en Administración de Empresas', 'Ciclo': '3', 'Correo': 'claudia.rodríguez@email.com', 'Telefono': '7516-8956', 'FechaIngreso': '2020-01-31', 'Monitor': 'Lic. Roberto Chávez', 'Estado': 'Activo', 'Fotografia': 'nan'}: cannot convert float NaN to integer
2026-06-29 10:21:06 [WARNING] SistemaBecas: Error calculando indicador para {'ID': 22, 'Codigo': 'BEC20200022', 'Nombre': 'Camila', 'Apellido': 'Aguilar Hernández', 'Universidad': 'Universidad Tecnológica de El Salvador', 'Carrera': 'Arquitectura', 'Ciclo': '5', 'Correo': 'camila.aguilar@email.com', 'Telefono': '7533-8973', 'FechaIngreso': '2022-03-10', 'Monitor': 'Lic. Carlos Rivas', 'Estado': 'Activo', 'Fotografia': 'nan'}: cannot convert float NaN to integer
2026-06-29 10:21:06 [WARNING] SistemaBecas: Error calculando indicador para {'ID': 23, 'Codigo': 'BEC20240023', 'Nombre': 'Diego', 'Apellido': 'Vargas Díaz', 'Universidad': 'Universidad Francisco Gavidia', 'Carrera': 'Ingeniería en Sistemas Informáticos', 'Ciclo': '6', 'Correo': 'diego.vargas@email.com', 'Telefono': '7158-1821', 'FechaIngreso': '2024-02-15', 'Monitor': 'Lic. Roberto Chávez', 'Estado': 'Egresado', 'Fotografia': 'nan'}: cannot convert float NaN to integer
2026-06-29 10:21:06 [WARNING] SistemaBecas: Error calculando indicador para {'ID': 24, 'Codigo': 'BEC20240024', 'Nombre': 'Guillermo', 'Apellido': 'Domínguez Flores', 'Universidad': 'Universidad Centroamericana José Simeón Cañas', 'Carrera': 'Licenciatura en Ciencias de la Computación', 'Ciclo': '10', 'Correo': 'guillermo.domínguez@email.com', 'Telefono': '7169-4853', 'FechaIngreso': '2020-06-13', 'Monitor': 'Lic. Roberto Chávez', 'Estado': 'Activo', 'Fotografia': 'nan'}: cannot convert float NaN to integer
2026-06-29 10:21:06 [WARNING] SistemaBecas: Error calculando indicador para {'ID': 25, 'Codigo': 'BEC20200025', 'Nombre': 'Sofía', 'Apellido': 'Ríos Morales', 'Universidad': 'Universidad de El Salvador', 'Carrera': 'Medicina', 'Ciclo': '10', 'Correo': 'sofía.ríos@email.com', 'Telefono': '7678-9565', 'FechaIngreso': '2023-06-22', 'Monitor': 'Lic. María López', 'Estado': 'Activo', 'Fotografia': 'nan'}: cannot convert float NaN to integer
2026-06-29 10:21:06 [WARNING] SistemaBecas: Error calculando indicador para {'ID': 26, 'Codigo': 'BEC20230026', 'Nombre': 'Fernando', 'Apellido': 'Díaz Álvarez', 'Universidad': 'Universidad Tecnológica de El Salvador', 'Carrera': 'Arquitectura', 'Ciclo': '6', 'Correo': 'fernando.díaz@email.com', 'Telefono': '7869-2188', 'FechaIngreso': '2020-09-25', 'Monitor': 'Lic. Ana Mejía', 'Estado': 'Activo', 'Fotografia': 'nan'}: cannot convert float NaN to integer
2026-06-29 10:21:06 [WARNING] SistemaBecas: Error calculando indicador para {'ID': 27, 'Codigo': 'BEC20200027', 'Nombre': 'Patricia', 'Apellido': 'Castro Ríos', 'Universidad': 'Universidad Centroamericana José Simeón Cañas', 'Carrera': 'Psicología', 'Ciclo': '5', 'Correo': 'patricia.castro@email.com', 'Telefono': '7235-6718', 'FechaIngreso': '2023-01-06', 'Monitor': 'Lic. Ana Mejía', 'Estado': 'Egresado', 'Fotografia': 'nan'}: cannot convert float NaN to integer
2026-06-29 10:21:06 [WARNING] SistemaBecas: Error calculando indicador para {'ID': 28, 'Codigo': 'BEC20240028', 'Nombre': 'Daniela', 'Apellido': 'Moreno Vargas', 'Universidad': 'Universidad Tecnológica de El Salvador', 'Carrera': 'Derecho', 'Ciclo': '9', 'Correo': 'daniela.moreno@email.com', 'Telefono': '7108-5905', 'FechaIngreso': '2023-12-11', 'Monitor': 'Lic. Ana Mejía', 'Estado': 'Activo', 'Fotografia': 'nan'}: cannot convert float NaN to integer
2026-06-29 10:21:06 [WARNING] SistemaBecas: Error calculando indicador para {'ID': 29, 'Codigo': 'BEC20240029', 'Nombre': 'Pedro', 'Apellido': 'Reyes Sánchez', 'Universidad': 'Universidad Tecnológica de El Salvador', 'Carrera': 'Ingeniería Civil', 'Ciclo': '10', 'Correo': 'pedro.reyes@email.com', 'Telefono': '7315-6617', 'FechaIngreso': '2020-11-14', 'Monitor': 'Lic. Carlos Rivas', 'Estado': 'Suspendido', 'Fotografia': 'nan'}: cannot convert float NaN to integer
2026-06-29 10:21:06 [WARNING] SistemaBecas: Error calculando indicador para {'ID': 30, 'Codigo': 'BEC20200030', 'Nombre': 'Fernando', 'Apellido': 'Herrera Rojas', 'Universidad': 'Universidad Don Bosco', 'Carrera': 'Ingeniería Civil', 'Ciclo': '1', 'Correo': 'fernando.herrera@email.com', 'Telefono': '7103-6464', 'FechaIngreso': '2020-07-08', 'Monitor': 'Lic. Carlos Rivas', 'Estado': 'Activo', 'Fotografia': 'nan'}: cannot convert float NaN to integer
2026-06-29 10:21:06 [WARNING] SistemaBecas: Error calculando indicador para {'ID': 31, 'Codigo': 'BEC20230031', 'Nombre': 'Fernando', 'Apellido': 'Flores Vega', 'Universidad': 'Universidad de El Salvador', 'Carrera': 'Licenciatura en Ciencias de la Computación', 'Ciclo': '2', 'Correo': 'fernando.flores@email.com', 'Telefono': '7807-3442', 'FechaIngreso': '2023-02-22', 'Monitor': 'Lic. Ana Mejía', 'Estado': 'Activo', 'Fotografia': 'nan'}: cannot convert float NaN to integer
2026-06-29 10:21:06 [WARNING] SistemaBecas: Error calculando indicador para {'ID': 32, 'Codigo': 'BEC20210032', 'Nombre': 'Paola', 'Apellido': 'Espinoza Molina', 'Universidad': 'Universidad Tecnológica de El Salvador', 'Carrera': 'Licenciatura en Contaduría Pública', 'Ciclo': '1', 'Correo': 'paola.espinoza@email.com', 'Telefono': '7466-4441', 'FechaIngreso': '2020-03-26', 'Monitor': 'Lic. Carlos Rivas', 'Estado': 'Activo', 'Fotografia': 'nan'}: cannot convert float NaN to integer
2026-06-29 10:21:06 [WARNING] SistemaBecas: Error calculando indicador para {'ID': 33, 'Codigo': 'BEC20230033', 'Nombre': 'Miguel', 'Apellido': 'Jiménez Molina', 'Universidad': 'Universidad Centroamericana José Simeón Cañas', 'Carrera': 'Licenciatura en Administración de Empresas', 'Ciclo': '3', 'Correo': 'miguel.jiménez@email.com', 'Telefono': '7919-3900', 'FechaIngreso': '2023-06-25', 'Monitor': 'Lic. Roberto Chávez', 'Estado': 'Suspendido', 'Fotografia': 'nan'}: cannot convert float NaN to integer
2026-06-29 10:21:06 [WARNING] SistemaBecas: Error calculando indicador para {'ID': 34, 'Codigo': 'BEC20230034', 'Nombre': 'María', 'Apellido': 'Rivera Castillo', 'Universidad': 'Universidad Centroamericana José Simeón Cañas', 'Carrera': 'Ingeniería Civil', 'Ciclo': '3', 'Correo': 'maría.rivera@email.com', 'Telefono': '7906-2771', 'FechaIngreso': '2024-06-30', 'Monitor': 'Lic. Roberto Chávez', 'Estado': 'Activo', 'Fotografia': 'nan'}: cannot convert float NaN to integer
2026-06-29 10:21:07 [WARNING] SistemaBecas: Error calculando indicador para {'ID': 35, 'Codigo': 'BEC20230035', 'Nombre': 'José', 'Apellido': 'Núñez Cruz', 'Universidad': 'Universidad Tecnológica de El Salvador', 'Carrera': 'Licenciatura en Administración de Empresas', 'Ciclo': '4', 'Correo': 'josé.núñez@email.com', 'Telefono': '7124-4164', 'FechaIngreso': '2021-12-17', 'Monitor': 'Lic. Roberto Chávez', 'Estado': 'Activo', 'Fotografia': 'nan'}: cannot convert float NaN to integer
2026-06-29 10:21:07 [WARNING] SistemaBecas: Error calculando indicador para {'ID': 36, 'Codigo': 'BEC20220036', 'Nombre': 'Gabriela', 'Apellido': 'Gutiérrez González', 'Universidad': 'Universidad Francisco Gavidia', 'Carrera': 'Medicina', 'Ciclo': '9', 'Correo': 'gabriela.gutiérrez@email.com', 'Telefono': '7439-1452', 'FechaIngreso': '2021-12-20', 'Monitor': 'Lic. Ana Mejía', 'Estado': 'Egresado', 'Fotografia': 'nan'}: cannot convert float NaN to integer
2026-06-29 10:21:07 [WARNING] SistemaBecas: Error calculando indicador para {'ID': 37, 'Codigo': 'BEC20220037', 'Nombre': 'Fernando', 'Apellido': 'Rivera Espinoza', 'Universidad': 'Universidad de El Salvador', 'Carrera': 'Derecho', 'Ciclo': '7', 'Correo': 'fernando.rivera@email.com', 'Telefono': '7453-6139', 'FechaIngreso': '2020-03-19', 'Monitor': 'Lic. Roberto Chávez', 'Estado': 'Egresado', 'Fotografia': 'nan'}: cannot convert float NaN to integer
2026-06-29 10:21:07 [WARNING] SistemaBecas: Error calculando indicador para {'ID': 38, 'Codigo': 'BEC20240038', 'Nombre': 'Víctor', 'Apellido': 'Herrera Sánchez', 'Universidad': 'Universidad Tecnológica de El Salvador', 'Carrera': 'Ingeniería en Sistemas Informáticos', 'Ciclo': '7', 'Correo': 'víctor.herrera@email.com', 'Telefono': '7101-9518', 'FechaIngreso': '2021-01-24', 'Monitor': 'Lic. Carlos Rivas', 'Estado': 'Activo', 'Fotografia': 'nan'}: cannot convert float NaN to integer
2026-06-29 10:21:07 [WARNING] SistemaBecas: Error calculando indicador para {'ID': 39, 'Codigo': 'BEC20220039', 'Nombre': 'Paola', 'Apellido': 'Medina González', 'Universidad': 'Universidad Tecnológica de El Salvador', 'Carrera': 'Licenciatura en Ciencias de la Computación', 'Ciclo': '5', 'Correo': 'paola.medina@email.com', 'Telefono': '7619-6067', 'FechaIngreso': '2023-06-30', 'Monitor': 'Lic. Roberto Chávez', 'Estado': 'Egresado', 'Fotografia': 'nan'}: cannot convert float NaN to integer
2026-06-29 10:21:07 [WARNING] SistemaBecas: Error calculando indicador para {'ID': 40, 'Codigo': 'BEC20210040', 'Nombre': 'Eduardo', 'Apellido': 'Aguilar Vargas', 'Universidad': 'Universidad Don Bosco', 'Carrera': 'Ingeniería Industrial', 'Ciclo': '10', 'Correo': 'eduardo.aguilar@email.com', 'Telefono': '7682-5930', 'FechaIngreso': '2022-05-11', 'Monitor': 'Lic. Roberto Chávez', 'Estado': 'Activo', 'Fotografia': 'nan'}: cannot convert float NaN to integer
2026-06-29 10:21:07 [WARNING] SistemaBecas: Error calculando indicador para {'ID': 41, 'Codigo': 'BEC20230041', 'Nombre': 'Claudia', 'Apellido': 'García Mendoza', 'Universidad': 'Universidad Francisco Gavidia', 'Carrera': 'Derecho', 'Ciclo': '6', 'Correo': 'claudia.garcía@email.com', 'Telefono': '7576-8238', 'FechaIngreso': '2024-05-28', 'Monitor': 'Lic. Roberto Chávez', 'Estado': 'Activo', 'Fotografia': 'nan'}: cannot convert float NaN to integer
2026-06-29 10:21:07 [WARNING] SistemaBecas: Error calculando indicador para {'ID': 42, 'Codigo': 'BEC20210042', 'Nombre': 'Camila', 'Apellido': 'Herrera Núñez', 'Universidad': 'Universidad de El Salvador', 'Carrera': 'Ingeniería Civil', 'Ciclo': '9', 'Correo': 'camila.herrera@email.com', 'Telefono': '7779-6491', 'FechaIngreso': '2023-09-11', 'Monitor': 'Lic. Ana Mejía', 'Estado': 'Activo', 'Fotografia': 'nan'}: cannot convert float NaN to integer
2026-06-29 10:21:07 [WARNING] SistemaBecas: Error calculando indicador para {'ID': 43, 'Codigo': 'BEC20210043', 'Nombre': 'Daniela', 'Apellido': 'Mendoza Cruz', 'Universidad': 'Universidad de El Salvador', 'Carrera': 'Licenciatura en Administración de Empresas', 'Ciclo': '8', 'Correo': 'daniela.mendoza@email.com', 'Telefono': '7725-2193', 'FechaIngreso': '2020-02-20', 'Monitor': 'Lic. Roberto Chávez', 'Estado': 'Inactivo', 'Fotografia': 'nan'}: cannot convert float NaN to integer
2026-06-29 10:21:07 [WARNING] SistemaBecas: Error calculando indicador para {'ID': 44, 'Codigo': 'BEC20230044', 'Nombre': 'Héctor', 'Apellido': 'Ríos Gómez', 'Universidad': 'Universidad Don Bosco', 'Carrera': 'Licenciatura en Administración de Empresas', 'Ciclo': '3', 'Correo': 'héctor.ríos@email.com', 'Telefono': '7771-1090', 'FechaIngreso': '2022-10-09', 'Monitor': 'Lic. Ana Mejía', 'Estado': 'Activo', 'Fotografia': 'nan'}: cannot convert float NaN to integer
2026-06-29 10:21:07 [WARNING] SistemaBecas: Error calculando indicador para {'ID': 45, 'Codigo': 'BEC20240045', 'Nombre': 'Carla', 'Apellido': 'Cruz Rivera', 'Universidad': 'Universidad de El Salvador', 'Carrera': 'Psicología', 'Ciclo': '4', 'Correo': 'carla.cruz@email.com', 'Telefono': '7968-2988', 'FechaIngreso': '2022-08-09', 'Monitor': 'Lic. Roberto Chávez', 'Estado': 'Inactivo', 'Fotografia': 'nan'}: cannot convert float NaN to integer
2026-06-29 10:21:07 [WARNING] SistemaBecas: Error calculando indicador para {'ID': 46, 'Codigo': 'BEC20240046', 'Nombre': 'Pedro', 'Apellido': 'Ramos Domínguez', 'Universidad': 'Universidad Don Bosco', 'Carrera': 'Derecho', 'Ciclo': '9', 'Correo': 'pedro.ramos@email.com', 'Telefono': '7536-9976', 'FechaIngreso': '2021-10-11', 'Monitor': 'Lic. Roberto Chávez', 'Estado': 'Egresado', 'Fotografia': 'nan'}: cannot convert float NaN to integer
2026-06-29 10:21:07 [WARNING] SistemaBecas: Error calculando indicador para {'ID': 47, 'Codigo': 'BEC20210047', 'Nombre': 'Andrés', 'Apellido': 'Núñez Vega', 'Universidad': 'Universidad Tecnológica de El Salvador', 'Carrera': 'Psicología', 'Ciclo': '8', 'Correo': 'andrés.núñez@email.com', 'Telefono': '7741-4919', 'FechaIngreso': '2023-07-29', 'Monitor': 'Lic. María López', 'Estado': 'Activo', 'Fotografia': 'nan'}: cannot convert float NaN to integer
2026-06-29 10:21:07 [WARNING] SistemaBecas: Error calculando indicador para {'ID': 48, 'Codigo': 'BEC20220048', 'Nombre': 'Ricardo', 'Apellido': 'González Vargas', 'Universidad': 'Universidad Francisco Gavidia', 'Carrera': 'Licenciatura en Ciencias de la Computación', 'Ciclo': '3', 'Correo': 'ricardo.gonzález@email.com', 'Telefono': '7254-4788', 'FechaIngreso': '2021-10-16', 'Monitor': 'Lic. Roberto Chávez', 'Estado': 'Activo', 'Fotografia': 'nan'}: cannot convert float NaN to integer
2026-06-29 10:21:07 [WARNING] SistemaBecas: Error calculando indicador para {'ID': 49, 'Codigo': 'BEC20220049', 'Nombre': 'Valentina', 'Apellido': 'Díaz González', 'Universidad': 'Universidad Don Bosco', 'Carrera': 'Medicina', 'Ciclo': '1', 'Correo': 'valentina.díaz@email.com', 'Telefono': '7311-7883', 'FechaIngreso': '2023-01-16', 'Monitor': 'Lic. Roberto Chávez', 'Estado': 'Activo', 'Fotografia': 'nan'}: cannot convert float NaN to integer
2026-06-29 10:21:07 [WARNING] SistemaBecas: Error calculando indicador para {'ID': 50, 'Codigo': 'BEC20200050', 'Nombre': 'Rosa', 'Apellido': 'Martínez Ríos', 'Universidad': 'Universidad Tecnológica de El Salvador', 'Carrera': 'Medicina', 'Ciclo': '7', 'Correo': 'rosa.martínez@email.com', 'Telefono': '7651-9947', 'FechaIngreso': '2021-12-21', 'Monitor': 'Lic. Carlos Rivas', 'Estado': 'Activo', 'Fotografia': 'nan'}: cannot convert float NaN to integer
2026-06-29 10:21:44 [WARNING] SistemaBecas: Error calculando indicador para {'ID': 1, 'Codigo': 'BEC20210001', 'Nombre': 'Sofía Marisol', 'Apellido': 'Martínez Gutiérrez', 'Universidad': 'Universidad de El Salvador', 'Carrera': 'Psicología', 'Ciclo': '2', 'Correo': 'sofía.martínez@email.com', 'Telefono': '7704-7912', 'FechaIngreso': '2024-02-17', 'Monitor': 'Lic. Ana Mejía', 'Estado': 'Activo', 'Fotografia': 'nan'}: cannot convert float NaN to integer
2026-06-29 10:21:44 [WARNING] SistemaBecas: Error calculando indicador para {'ID': 2, 'Codigo': 'BEC20240002', 'Nombre': 'María', 'Apellido': 'Pérez Díaz', 'Universidad': 'Universidad Francisco Gavidia', 'Carrera': 'Licenciatura en Administración de Empresas', 'Ciclo': '9', 'Correo': 'maría.pérez@email.com', 'Telefono': '7529-4611', 'FechaIngreso': '2020-02-24', 'Monitor': 'Lic. Roberto Chávez', 'Estado': 'Activo', 'Fotografia': 'nan'}: cannot convert float NaN to integer
2026-06-29 10:21:44 [WARNING] SistemaBecas: Error calculando indicador para {'ID': 3, 'Codigo': 'BEC20210003', 'Nombre': 'Rosa', 'Apellido': 'Gutiérrez García', 'Universidad': 'Universidad Don Bosco', 'Carrera': 'Licenciatura en Contaduría Pública', 'Ciclo': '5', 'Correo': 'rosa.gutiérrez@email.com', 'Telefono': '7259-4527', 'FechaIngreso': '2023-11-30', 'Monitor': 'Lic. María López', 'Estado': 'Activo', 'Fotografia': 'nan'}: cannot convert float NaN to integer
2026-06-29 10:21:44 [WARNING] SistemaBecas: Error calculando indicador para {'ID': 4, 'Codigo': 'BEC20220004', 'Nombre': 'Miguel', 'Apellido': 'Pérez Ruiz', 'Universidad': 'Universidad Tecnológica de El Salvador', 'Carrera': 'Ingeniería en Sistemas Informáticos', 'Ciclo': '8', 'Correo': 'miguel.pérez@email.com', 'Telefono': '7649-3045', 'FechaIngreso': '2023-05-21', 'Monitor': 'Lic. Roberto Chávez', 'Estado': 'Activo', 'Fotografia': 'nan'}: cannot convert float NaN to integer
2026-06-29 10:21:44 [WARNING] SistemaBecas: Error calculando indicador para {'ID': 5, 'Codigo': 'BEC20240005', 'Nombre': 'Laura', 'Apellido': 'Molina Vargas', 'Universidad': 'Universidad Francisco Gavidia', 'Carrera': 'Licenciatura en Administración de Empresas', 'Ciclo': '2', 'Correo': 'laura.molina@email.com', 'Telefono': '7146-4733', 'FechaIngreso': '2022-01-10', 'Monitor': 'Lic. María López', 'Estado': 'Inactivo', 'Fotografia': 'nan'}: cannot convert float NaN to integer
2026-06-29 10:21:44 [WARNING] SistemaBecas: Error calculando indicador para {'ID': 6, 'Codigo': 'BEC20230006', 'Nombre': 'Laura', 'Apellido': 'Cruz Rodríguez', 'Universidad': 'Universidad Tecnológica de El Salvador', 'Carrera': 'Ingeniería Industrial', 'Ciclo': '6', 'Correo': 'laura.cruz@email.com', 'Telefono': '7463-4432', 'FechaIngreso': '2023-07-25', 'Monitor': 'Lic. María López', 'Estado': 'Activo', 'Fotografia': 'nan'}: cannot convert float NaN to integer
2026-06-29 10:21:44 [WARNING] SistemaBecas: Error calculando indicador para {'ID': 7, 'Codigo': 'BEC20210007', 'Nombre': 'Luis', 'Apellido': 'Campos Flores', 'Universidad': 'Universidad Don Bosco', 'Carrera': 'Medicina', 'Ciclo': '5', 'Correo': 'luis.campos@email.com', 'Telefono': '7755-4598', 'FechaIngreso': '2020-11-30', 'Monitor': 'Lic. María López', 'Estado': 'Activo', 'Fotografia': 'nan'}: cannot convert float NaN to integer
2026-06-29 10:21:44 [WARNING] SistemaBecas: Error calculando indicador para {'ID': 8, 'Codigo': 'BEC20230008', 'Nombre': 'Ana', 'Apellido': 'Cruz López', 'Universidad': 'Universidad de El Salvador', 'Carrera': 'Licenciatura en Administración de Empresas', 'Ciclo': '10', 'Correo': 'ana.cruz@email.com', 'Telefono': '7997-6155', 'FechaIngreso': '2021-07-02', 'Monitor': 'Lic. Carlos Rivas', 'Estado': 'Inactivo', 'Fotografia': 'nan'}: cannot convert float NaN to integer
2026-06-29 10:21:44 [WARNING] SistemaBecas: Error calculando indicador para {'ID': 9, 'Codigo': 'BEC20210009', 'Nombre': 'Sandra', 'Apellido': 'Aguilar Ramos', 'Universidad': 'Universidad Francisco Gavidia', 'Carrera': 'Psicología', 'Ciclo': '5', 'Correo': 'sandra.aguilar@email.com', 'Telefono': '7864-8019', 'FechaIngreso': '2021-05-20', 'Monitor': 'Lic. Roberto Chávez', 'Estado': 'Activo', 'Fotografia': 'nan'}: cannot convert float NaN to integer
2026-06-29 10:21:44 [WARNING] SistemaBecas: Error calculando indicador para {'ID': 10, 'Codigo': 'BEC20200010', 'Nombre': 'Paola', 'Apellido': 'Cruz Ramírez', 'Universidad': 'Universidad de El Salvador', 'Carrera': 'Licenciatura en Ciencias de la Computación', 'Ciclo': '3', 'Correo': 'paola.cruz@email.com', 'Telefono': '7742-3621', 'FechaIngreso': '2024-03-27', 'Monitor': 'Lic. Roberto Chávez', 'Estado': 'Activo', 'Fotografia': 'nan'}: cannot convert float NaN to integer
2026-06-29 10:21:44 [WARNING] SistemaBecas: Error calculando indicador para {'ID': 11, 'Codigo': 'BEC20230011', 'Nombre': 'Víctor', 'Apellido': 'González Ruiz', 'Universidad': 'Universidad Tecnológica de El Salvador', 'Carrera': 'Psicología', 'Ciclo': '1', 'Correo': 'víctor.gonzález@email.com', 'Telefono': '7796-2876', 'FechaIngreso': '2022-12-19', 'Monitor': 'Lic. María López', 'Estado': 'Activo', 'Fotografia': 'nan'}: cannot convert float NaN to integer
2026-06-29 10:21:44 [WARNING] SistemaBecas: Error calculando indicador para {'ID': 12, 'Codigo': 'BEC20230012', 'Nombre': 'Gabriela', 'Apellido': 'Sánchez Vargas', 'Universidad': 'Universidad Tecnológica de El Salvador', 'Carrera': 'Psicología', 'Ciclo': '3', 'Correo': 'gabriela.sánchez@email.com', 'Telefono': '7619-2743', 'FechaIngreso': '2020-01-07', 'Monitor': 'Lic. María López', 'Estado': 'Activo', 'Fotografia': 'nan'}: cannot convert float NaN to integer
2026-06-29 10:21:44 [WARNING] SistemaBecas: Error calculando indicador para {'ID': 13, 'Codigo': 'BEC20210013', 'Nombre': 'Guillermo', 'Apellido': 'Campos Gómez', 'Universidad': 'Universidad Francisco Gavidia', 'Carrera': 'Ingeniería en Sistemas Informáticos', 'Ciclo': '10', 'Correo': 'guillermo.campos@email.com', 'Telefono': '7431-9005', 'FechaIngreso': '2023-01-09', 'Monitor': 'Lic. Ana Mejía', 'Estado': 'Activo', 'Fotografia': 'nan'}: cannot convert float NaN to integer
2026-06-29 10:21:44 [WARNING] SistemaBecas: Error calculando indicador para {'ID': 14, 'Codigo': 'BEC20210014', 'Nombre': 'Sofía', 'Apellido': 'Moreno Mendoza', 'Universidad': 'Universidad de El Salvador', 'Carrera': 'Licenciatura en Ciencias de la Computación', 'Ciclo': '8', 'Correo': 'sofía.moreno@email.com', 'Telefono': '7935-2133', 'FechaIngreso': '2023-03-07', 'Monitor': 'Lic. Carlos Rivas', 'Estado': 'Activo', 'Fotografia': 'nan'}: cannot convert float NaN to integer
2026-06-29 10:21:44 [WARNING] SistemaBecas: Error calculando indicador para {'ID': 15, 'Codigo': 'BEC20240015', 'Nombre': 'Pedro', 'Apellido': 'Núñez Molina', 'Universidad': 'Universidad Don Bosco', 'Carrera': 'Licenciatura en Administración de Empresas', 'Ciclo': '9', 'Correo': 'pedro.núñez@email.com', 'Telefono': '7873-4295', 'FechaIngreso': '2023-05-27', 'Monitor': 'Lic. María López', 'Estado': 'Activo', 'Fotografia': 'nan'}: cannot convert float NaN to integer
2026-06-29 10:21:44 [WARNING] SistemaBecas: Error calculando indicador para {'ID': 16, 'Codigo': 'BEC20230016', 'Nombre': 'Verónica', 'Apellido': 'Moreno Vega', 'Universidad': 'Universidad Centroamericana José Simeón Cañas', 'Carrera': 'Licenciatura en Administración de Empresas', 'Ciclo': '2', 'Correo': 'verónica.moreno@email.com', 'Telefono': '7446-1344', 'FechaIngreso': '2020-09-04', 'Monitor': 'Lic. Carlos Rivas', 'Estado': 'Suspendido', 'Fotografia': 'nan'}: cannot convert float NaN to integer
2026-06-29 10:21:44 [WARNING] SistemaBecas: Error calculando indicador para {'ID': 17, 'Codigo': 'BEC20200017', 'Nombre': 'Rosa', 'Apellido': 'Cruz García', 'Universidad': 'Universidad de El Salvador', 'Carrera': 'Ingeniería en Sistemas Informáticos', 'Ciclo': '6', 'Correo': 'rosa.cruz@email.com', 'Telefono': '7172-9423', 'FechaIngreso': '2021-04-13', 'Monitor': 'Lic. Carlos Rivas', 'Estado': 'Activo', 'Fotografia': 'nan'}: cannot convert float NaN to integer
2026-06-29 10:21:44 [WARNING] SistemaBecas: Error calculando indicador para {'ID': 18, 'Codigo': 'BEC20240018', 'Nombre': 'Lucía', 'Apellido': 'Rojas Díaz', 'Universidad': 'Universidad Don Bosco', 'Carrera': 'Licenciatura en Administración de Empresas', 'Ciclo': '8', 'Correo': 'lucía.rojas@email.com', 'Telefono': '7926-7669', 'FechaIngreso': '2023-03-26', 'Monitor': 'Lic. Carlos Rivas', 'Estado': 'Activo', 'Fotografia': 'nan'}: cannot convert float NaN to integer
2026-06-29 10:21:44 [WARNING] SistemaBecas: Error calculando indicador para {'ID': 19, 'Codigo': 'BEC20230019', 'Nombre': 'Miguel', 'Apellido': 'Rodríguez Medina', 'Universidad': 'Universidad de El Salvador', 'Carrera': 'Licenciatura en Ciencias de la Computación', 'Ciclo': '1', 'Correo': 'miguel.rodríguez@email.com', 'Telefono': '7512-6559', 'FechaIngreso': '2022-08-14', 'Monitor': 'Lic. Ana Mejía', 'Estado': 'Activo', 'Fotografia': 'nan'}: cannot convert float NaN to integer
2026-06-29 10:21:44 [WARNING] SistemaBecas: Error calculando indicador para {'ID': 20, 'Codigo': 'BEC20210020', 'Nombre': 'Daniela', 'Apellido': 'Gómez Gómez', 'Universidad': 'Universidad Centroamericana José Simeón Cañas', 'Carrera': 'Ingeniería Civil', 'Ciclo': '8', 'Correo': 'daniela.gómez@email.com', 'Telefono': '7355-2235', 'FechaIngreso': '2022-05-14', 'Monitor': 'Lic. Roberto Chávez', 'Estado': 'Activo', 'Fotografia': 'nan'}: cannot convert float NaN to integer
2026-06-29 10:21:44 [WARNING] SistemaBecas: Error calculando indicador para {'ID': 21, 'Codigo': 'BEC20240021', 'Nombre': 'Claudia', 'Apellido': 'Rodríguez Hernández', 'Universidad': 'Universidad de El Salvador', 'Carrera': 'Licenciatura en Administración de Empresas', 'Ciclo': '3', 'Correo': 'claudia.rodríguez@email.com', 'Telefono': '7516-8956', 'FechaIngreso': '2020-01-31', 'Monitor': 'Lic. Roberto Chávez', 'Estado': 'Activo', 'Fotografia': 'nan'}: cannot convert float NaN to integer
2026-06-29 10:21:44 [WARNING] SistemaBecas: Error calculando indicador para {'ID': 22, 'Codigo': 'BEC20200022', 'Nombre': 'Camila', 'Apellido': 'Aguilar Hernández', 'Universidad': 'Universidad Tecnológica de El Salvador', 'Carrera': 'Arquitectura', 'Ciclo': '5', 'Correo': 'camila.aguilar@email.com', 'Telefono': '7533-8973', 'FechaIngreso': '2022-03-10', 'Monitor': 'Lic. Carlos Rivas', 'Estado': 'Activo', 'Fotografia': 'nan'}: cannot convert float NaN to integer
2026-06-29 10:21:44 [WARNING] SistemaBecas: Error calculando indicador para {'ID': 23, 'Codigo': 'BEC20240023', 'Nombre': 'Diego', 'Apellido': 'Vargas Díaz', 'Universidad': 'Universidad Francisco Gavidia', 'Carrera': 'Ingeniería en Sistemas Informáticos', 'Ciclo': '6', 'Correo': 'diego.vargas@email.com', 'Telefono': '7158-1821', 'FechaIngreso': '2024-02-15', 'Monitor': 'Lic. Roberto Chávez', 'Estado': 'Egresado', 'Fotografia': 'nan'}: cannot convert float NaN to integer
2026-06-29 10:21:44 [WARNING] SistemaBecas: Error calculando indicador para {'ID': 24, 'Codigo': 'BEC20240024', 'Nombre': 'Guillermo', 'Apellido': 'Domínguez Flores', 'Universidad': 'Universidad Centroamericana José Simeón Cañas', 'Carrera': 'Licenciatura en Ciencias de la Computación', 'Ciclo': '10', 'Correo': 'guillermo.domínguez@email.com', 'Telefono': '7169-4853', 'FechaIngreso': '2020-06-13', 'Monitor': 'Lic. Roberto Chávez', 'Estado': 'Activo', 'Fotografia': 'nan'}: cannot convert float NaN to integer
2026-06-29 10:21:44 [WARNING] SistemaBecas: Error calculando indicador para {'ID': 25, 'Codigo': 'BEC20200025', 'Nombre': 'Sofía', 'Apellido': 'Ríos Morales', 'Universidad': 'Universidad de El Salvador', 'Carrera': 'Medicina', 'Ciclo': '10', 'Correo': 'sofía.ríos@email.com', 'Telefono': '7678-9565', 'FechaIngreso': '2023-06-22', 'Monitor': 'Lic. María López', 'Estado': 'Activo', 'Fotografia': 'nan'}: cannot convert float NaN to integer
2026-06-29 10:21:44 [WARNING] SistemaBecas: Error calculando indicador para {'ID': 26, 'Codigo': 'BEC20230026', 'Nombre': 'Fernando', 'Apellido': 'Díaz Álvarez', 'Universidad': 'Universidad Tecnológica de El Salvador', 'Carrera': 'Arquitectura', 'Ciclo': '6', 'Correo': 'fernando.díaz@email.com', 'Telefono': '7869-2188', 'FechaIngreso': '2020-09-25', 'Monitor': 'Lic. Ana Mejía', 'Estado': 'Activo', 'Fotografia': 'nan'}: cannot convert float NaN to integer
2026-06-29 10:21:44 [WARNING] SistemaBecas: Error calculando indicador para {'ID': 27, 'Codigo': 'BEC20200027', 'Nombre': 'Patricia', 'Apellido': 'Castro Ríos', 'Universidad': 'Universidad Centroamericana José Simeón Cañas', 'Carrera': 'Psicología', 'Ciclo': '5', 'Correo': 'patricia.castro@email.com', 'Telefono': '7235-6718', 'FechaIngreso': '2023-01-06', 'Monitor': 'Lic. Ana Mejía', 'Estado': 'Egresado', 'Fotografia': 'nan'}: cannot convert float NaN to integer
2026-06-29 10:21:44 [WARNING] SistemaBecas: Error calculando indicador para {'ID': 28, 'Codigo': 'BEC20240028', 'Nombre': 'Daniela', 'Apellido': 'Moreno Vargas', 'Universidad': 'Universidad Tecnológica de El Salvador', 'Carrera': 'Derecho', 'Ciclo': '9', 'Correo': 'daniela.moreno@email.com', 'Telefono': '7108-5905', 'FechaIngreso': '2023-12-11', 'Monitor': 'Lic. Ana Mejía', 'Estado': 'Activo', 'Fotografia': 'nan'}: cannot convert float NaN to integer
2026-06-29 10:21:44 [WARNING] SistemaBecas: Error calculando indicador para {'ID': 29, 'Codigo': 'BEC20240029', 'Nombre': 'Pedro', 'Apellido': 'Reyes Sánchez', 'Universidad': 'Universidad Tecnológica de El Salvador', 'Carrera': 'Ingeniería Civil', 'Ciclo': '10', 'Correo': 'pedro.reyes@email.com', 'Telefono': '7315-6617', 'FechaIngreso': '2020-11-14', 'Monitor': 'Lic. Carlos Rivas', 'Estado': 'Suspendido', 'Fotografia': 'nan'}: cannot convert float NaN to integer
2026-06-29 10:21:44 [WARNING] SistemaBecas: Error calculando indicador para {'ID': 30, 'Codigo': 'BEC20200030', 'Nombre': 'Fernando', 'Apellido': 'Herrera Rojas', 'Universidad': 'Universidad Don Bosco', 'Carrera': 'Ingeniería Civil', 'Ciclo': '1', 'Correo': 'fernando.herrera@email.com', 'Telefono': '7103-6464', 'FechaIngreso': '2020-07-08', 'Monitor': 'Lic. Carlos Rivas', 'Estado': 'Activo', 'Fotografia': 'nan'}: cannot convert float NaN to integer
2026-06-29 10:21:44 [WARNING] SistemaBecas: Error calculando indicador para {'ID': 31, 'Codigo': 'BEC20230031', 'Nombre': 'Fernando', 'Apellido': 'Flores Vega', 'Universidad': 'Universidad de El Salvador', 'Carrera': 'Licenciatura en Ciencias de la Computación', 'Ciclo': '2', 'Correo': 'fernando.flores@email.com', 'Telefono': '7807-3442', 'FechaIngreso': '2023-02-22', 'Monitor': 'Lic. Ana Mejía', 'Estado': 'Activo', 'Fotografia': 'nan'}: cannot convert float NaN to integer
2026-06-29 10:21:44 [WARNING] SistemaBecas: Error calculando indicador para {'ID': 32, 'Codigo': 'BEC20210032', 'Nombre': 'Paola', 'Apellido': 'Espinoza Molina', 'Universidad': 'Universidad Tecnológica de El Salvador', 'Carrera': 'Licenciatura en Contaduría Pública', 'Ciclo': '1', 'Correo': 'paola.espinoza@email.com', 'Telefono': '7466-4441', 'FechaIngreso': '2020-03-26', 'Monitor': 'Lic. Carlos Rivas', 'Estado': 'Activo', 'Fotografia': 'nan'}: cannot convert float NaN to integer
2026-06-29 10:21:44 [WARNING] SistemaBecas: Error calculando indicador para {'ID': 33, 'Codigo': 'BEC20230033', 'Nombre': 'Miguel', 'Apellido': 'Jiménez Molina', 'Universidad': 'Universidad Centroamericana José Simeón Cañas', 'Carrera': 'Licenciatura en Administración de Empresas', 'Ciclo': '3', 'Correo': 'miguel.jiménez@email.com', 'Telefono': '7919-3900', 'FechaIngreso': '2023-06-25', 'Monitor': 'Lic. Roberto Chávez', 'Estado': 'Suspendido', 'Fotografia': 'nan'}: cannot convert float NaN to integer
2026-06-29 10:21:44 [WARNING] SistemaBecas: Error calculando indicador para {'ID': 34, 'Codigo': 'BEC20230034', 'Nombre': 'María', 'Apellido': 'Rivera Castillo', 'Universidad': 'Universidad Centroamericana José Simeón Cañas', 'Carrera': 'Ingeniería Civil', 'Ciclo': '3', 'Correo': 'maría.rivera@email.com', 'Telefono': '7906-2771', 'FechaIngreso': '2024-06-30', 'Monitor': 'Lic. Roberto Chávez', 'Estado': 'Activo', 'Fotografia': 'nan'}: cannot convert float NaN to integer
2026-06-29 10:21:44 [WARNING] SistemaBecas: Error calculando indicador para {'ID': 35, 'Codigo': 'BEC20230035', 'Nombre': 'José', 'Apellido': 'Núñez Cruz', 'Universidad': 'Universidad Tecnológica de El Salvador', 'Carrera': 'Licenciatura en Administración de Empresas', 'Ciclo': '4', 'Correo': 'josé.núñez@email.com', 'Telefono': '7124-4164', 'FechaIngreso': '2021-12-17', 'Monitor': 'Lic. Roberto Chávez', 'Estado': 'Activo', 'Fotografia': 'nan'}: cannot convert float NaN to integer
2026-06-29 10:21:44 [WARNING] SistemaBecas: Error calculando indicador para {'ID': 36, 'Codigo': 'BEC20220036', 'Nombre': 'Gabriela', 'Apellido': 'Gutiérrez González', 'Universidad': 'Universidad Francisco Gavidia', 'Carrera': 'Medicina', 'Ciclo': '9', 'Correo': 'gabriela.gutiérrez@email.com', 'Telefono': '7439-1452', 'FechaIngreso': '2021-12-20', 'Monitor': 'Lic. Ana Mejía', 'Estado': 'Egresado', 'Fotografia': 'nan'}: cannot convert float NaN to integer
2026-06-29 10:21:44 [WARNING] SistemaBecas: Error calculando indicador para {'ID': 37, 'Codigo': 'BEC20220037', 'Nombre': 'Fernando', 'Apellido': 'Rivera Espinoza', 'Universidad': 'Universidad de El Salvador', 'Carrera': 'Derecho', 'Ciclo': '7', 'Correo': 'fernando.rivera@email.com', 'Telefono': '7453-6139', 'FechaIngreso': '2020-03-19', 'Monitor': 'Lic. Roberto Chávez', 'Estado': 'Egresado', 'Fotografia': 'nan'}: cannot convert float NaN to integer
2026-06-29 10:21:44 [WARNING] SistemaBecas: Error calculando indicador para {'ID': 38, 'Codigo': 'BEC20240038', 'Nombre': 'Víctor', 'Apellido': 'Herrera Sánchez', 'Universidad': 'Universidad Tecnológica de El Salvador', 'Carrera': 'Ingeniería en Sistemas Informáticos', 'Ciclo': '7', 'Correo': 'víctor.herrera@email.com', 'Telefono': '7101-9518', 'FechaIngreso': '2021-01-24', 'Monitor': 'Lic. Carlos Rivas', 'Estado': 'Activo', 'Fotografia': 'nan'}: cannot convert float NaN to integer
2026-06-29 10:21:44 [WARNING] SistemaBecas: Error calculando indicador para {'ID': 39, 'Codigo': 'BEC20220039', 'Nombre': 'Paola', 'Apellido': 'Medina González', 'Universidad': 'Universidad Tecnológica de El Salvador', 'Carrera': 'Licenciatura en Ciencias de la Computación', 'Ciclo': '5', 'Correo': 'paola.medina@email.com', 'Telefono': '7619-6067', 'FechaIngreso': '2023-06-30', 'Monitor': 'Lic. Roberto Chávez', 'Estado': 'Egresado', 'Fotografia': 'nan'}: cannot convert float NaN to integer
2026-06-29 10:21:44 [WARNING] SistemaBecas: Error calculando indicador para {'ID': 40, 'Codigo': 'BEC20210040', 'Nombre': 'Eduardo', 'Apellido': 'Aguilar Vargas', 'Universidad': 'Universidad Don Bosco', 'Carrera': 'Ingeniería Industrial', 'Ciclo': '10', 'Correo': 'eduardo.aguilar@email.com', 'Telefono': '7682-5930', 'FechaIngreso': '2022-05-11', 'Monitor': 'Lic. Roberto Chávez', 'Estado': 'Activo', 'Fotografia': 'nan'}: cannot convert float NaN to integer
2026-06-29 10:21:44 [WARNING] SistemaBecas: Error calculando indicador para {'ID': 41, 'Codigo': 'BEC20230041', 'Nombre': 'Claudia', 'Apellido': 'García Mendoza', 'Universidad': 'Universidad Francisco Gavidia', 'Carrera': 'Derecho', 'Ciclo': '6', 'Correo': 'claudia.garcía@email.com', 'Telefono': '7576-8238', 'FechaIngreso': '2024-05-28', 'Monitor': 'Lic. Roberto Chávez', 'Estado': 'Activo', 'Fotografia': 'nan'}: cannot convert float NaN to integer
2026-06-29 10:21:44 [WARNING] SistemaBecas: Error calculando indicador para {'ID': 42, 'Codigo': 'BEC20210042', 'Nombre': 'Camila', 'Apellido': 'Herrera Núñez', 'Universidad': 'Universidad de El Salvador', 'Carrera': 'Ingeniería Civil', 'Ciclo': '9', 'Correo': 'camila.herrera@email.com', 'Telefono': '7779-6491', 'FechaIngreso': '2023-09-11', 'Monitor': 'Lic. Ana Mejía', 'Estado': 'Activo', 'Fotografia': 'nan'}: cannot convert float NaN to integer
2026-06-29 10:21:44 [WARNING] SistemaBecas: Error calculando indicador para {'ID': 43, 'Codigo': 'BEC20210043', 'Nombre': 'Daniela', 'Apellido': 'Mendoza Cruz', 'Universidad': 'Universidad de El Salvador', 'Carrera': 'Licenciatura en Administración de Empresas', 'Ciclo': '8', 'Correo': 'daniela.mendoza@email.com', 'Telefono': '7725-2193', 'FechaIngreso': '2020-02-20', 'Monitor': 'Lic. Roberto Chávez', 'Estado': 'Inactivo', 'Fotografia': 'nan'}: cannot convert float NaN to integer
2026-06-29 10:21:44 [WARNING] SistemaBecas: Error calculando indicador para {'ID': 44, 'Codigo': 'BEC20230044', 'Nombre': 'Héctor', 'Apellido': 'Ríos Gómez', 'Universidad': 'Universidad Don Bosco', 'Carrera': 'Licenciatura en Administración de Empresas', 'Ciclo': '3', 'Correo': 'héctor.ríos@email.com', 'Telefono': '7771-1090', 'FechaIngreso': '2022-10-09', 'Monitor': 'Lic. Ana Mejía', 'Estado': 'Activo', 'Fotografia': 'nan'}: cannot convert float NaN to integer
2026-06-29 10:21:44 [WARNING] SistemaBecas: Error calculando indicador para {'ID': 45, 'Codigo': 'BEC20240045', 'Nombre': 'Carla', 'Apellido': 'Cruz Rivera', 'Universidad': 'Universidad de El Salvador', 'Carrera': 'Psicología', 'Ciclo': '4', 'Correo': 'carla.cruz@email.com', 'Telefono': '7968-2988', 'FechaIngreso': '2022-08-09', 'Monitor': 'Lic. Roberto Chávez', 'Estado': 'Inactivo', 'Fotografia': 'nan'}: cannot convert float NaN to integer
2026-06-29 10:21:44 [WARNING] SistemaBecas: Error calculando indicador para {'ID': 46, 'Codigo': 'BEC20240046', 'Nombre': 'Pedro', 'Apellido': 'Ramos Domínguez', 'Universidad': 'Universidad Don Bosco', 'Carrera': 'Derecho', 'Ciclo': '9', 'Correo': 'pedro.ramos@email.com', 'Telefono': '7536-9976', 'FechaIngreso': '2021-10-11', 'Monitor': 'Lic. Roberto Chávez', 'Estado': 'Egresado', 'Fotografia': 'nan'}: cannot convert float NaN to integer
2026-06-29 10:21:44 [WARNING] SistemaBecas: Error calculando indicador para {'ID': 47, 'Codigo': 'BEC20210047', 'Nombre': 'Andrés', 'Apellido': 'Núñez Vega', 'Universidad': 'Universidad Tecnológica de El Salvador', 'Carrera': 'Psicología', 'Ciclo': '8', 'Correo': 'andrés.núñez@email.com', 'Telefono': '7741-4919', 'FechaIngreso': '2023-07-29', 'Monitor': 'Lic. María López', 'Estado': 'Activo', 'Fotografia': 'nan'}: cannot convert float NaN to integer
2026-06-29 10:21:44 [WARNING] SistemaBecas: Error calculando indicador para {'ID': 48, 'Codigo': 'BEC20220048', 'Nombre': 'Ricardo', 'Apellido': 'González Vargas', 'Universidad': 'Universidad Francisco Gavidia', 'Carrera': 'Licenciatura en Ciencias de la Computación', 'Ciclo': '3', 'Correo': 'ricardo.gonzález@email.com', 'Telefono': '7254-4788', 'FechaIngreso': '2021-10-16', 'Monitor': 'Lic. Roberto Chávez', 'Estado': 'Activo', 'Fotografia': 'nan'}: cannot convert float NaN to integer
2026-06-29 10:21:44 [WARNING] SistemaBecas: Error calculando indicador para {'ID': 49, 'Codigo': 'BEC20220049', 'Nombre': 'Valentina', 'Apellido': 'Díaz González', 'Universidad': 'Universidad Don Bosco', 'Carrera': 'Medicina', 'Ciclo': '1', 'Correo': 'valentina.díaz@email.com', 'Telefono': '7311-7883', 'FechaIngreso': '2023-01-16', 'Monitor': 'Lic. Roberto Chávez', 'Estado': 'Activo', 'Fotografia': 'nan'}: cannot convert float NaN to integer
2026-06-29 10:21:44 [WARNING] SistemaBecas: Error calculando indicador para {'ID': 50, 'Codigo': 'BEC20200050', 'Nombre': 'Rosa', 'Apellido': 'Martínez Ríos', 'Universidad': 'Universidad Tecnológica de El Salvador', 'Carrera': 'Medicina', 'Ciclo': '7', 'Correo': 'rosa.martínez@email.com', 'Telefono': '7651-9947', 'FechaIngreso': '2021-12-21', 'Monitor': 'Lic. Carlos Rivas', 'Estado': 'Activo', 'Fotografia': 'nan'}: cannot convert float NaN to integer
2026-06-29 10:22:04 [INFO] SistemaBecas: Aplicación cerrada.
2026-06-29 10:22:08 [INFO] SistemaBecas: === Iniciando Sistema Inteligente de Becados ===
2026-06-29 10:22:11 [INFO] SistemaBecas: Aplicación iniciada correctamente.
2026-06-29 10:22:12 [WARNING] SistemaBecas: Error calculando indicador para {'ID': 1, 'Codigo': 'BEC20210001', 'Nombre': 'Sofía Marisol', 'Apellido': 'Martínez Gutiérrez', 'Universidad': 'Universidad de El Salvador', 'Carrera': 'Psicología', 'Ciclo': '2', 'Correo': 'sofía.martínez@email.com', 'Telefono': '7704-7912', 'FechaIngreso': '2024-02-17', 'Monitor': 'Lic. Ana Mejía', 'Estado': 'Activo', 'Fotografia': 'nan'}: cannot convert float NaN to integer
2026-06-29 10:22:12 [WARNING] SistemaBecas: Error calculando indicador para {'ID': 2, 'Codigo': 'BEC20240002', 'Nombre': 'María', 'Apellido': 'Pérez Díaz', 'Universidad': 'Universidad Francisco Gavidia', 'Carrera': 'Licenciatura en Administración de Empresas', 'Ciclo': '9', 'Correo': 'maría.pérez@email.com', 'Telefono': '7529-4611', 'FechaIngreso': '2020-02-24', 'Monitor': 'Lic. Roberto Chávez', 'Estado': 'Activo', 'Fotografia': 'nan'}: cannot convert float NaN to integer
2026-06-29 10:22:12 [WARNING] SistemaBecas: Error calculando indicador para {'ID': 3, 'Codigo': 'BEC20210003', 'Nombre': 'Rosa', 'Apellido': 'Gutiérrez García', 'Universidad': 'Universidad Don Bosco', 'Carrera': 'Licenciatura en Contaduría Pública', 'Ciclo': '5', 'Correo': 'rosa.gutiérrez@email.com', 'Telefono': '7259-4527', 'FechaIngreso': '2023-11-30', 'Monitor': 'Lic. María López', 'Estado': 'Activo', 'Fotografia': 'nan'}: cannot convert float NaN to integer
2026-06-29 10:22:12 [WARNING] SistemaBecas: Error calculando indicador para {'ID': 4, 'Codigo': 'BEC20220004', 'Nombre': 'Miguel', 'Apellido': 'Pérez Ruiz', 'Universidad': 'Universidad Tecnológica de El Salvador', 'Carrera': 'Ingeniería en Sistemas Informáticos', 'Ciclo': '8', 'Correo': 'miguel.pérez@email.com', 'Telefono': '7649-3045', 'FechaIngreso': '2023-05-21', 'Monitor': 'Lic. Roberto Chávez', 'Estado': 'Activo', 'Fotografia': 'nan'}: cannot convert float NaN to integer
2026-06-29 10:22:12 [WARNING] SistemaBecas: Error calculando indicador para {'ID': 5, 'Codigo': 'BEC20240005', 'Nombre': 'Laura', 'Apellido': 'Molina Vargas', 'Universidad': 'Universidad Francisco Gavidia', 'Carrera': 'Licenciatura en Administración de Empresas', 'Ciclo': '2', 'Correo': 'laura.molina@email.com', 'Telefono': '7146-4733', 'FechaIngreso': '2022-01-10', 'Monitor': 'Lic. María López', 'Estado': 'Inactivo', 'Fotografia': 'nan'}: cannot convert float NaN to integer
2026-06-29 10:22:12 [WARNING] SistemaBecas: Error calculando indicador para {'ID': 6, 'Codigo': 'BEC20230006', 'Nombre': 'Laura', 'Apellido': 'Cruz Rodríguez', 'Universidad': 'Universidad Tecnológica de El Salvador', 'Carrera': 'Ingeniería Industrial', 'Ciclo': '6', 'Correo': 'laura.cruz@email.com', 'Telefono': '7463-4432', 'FechaIngreso': '2023-07-25', 'Monitor': 'Lic. María López', 'Estado': 'Activo', 'Fotografia': 'nan'}: cannot convert float NaN to integer
2026-06-29 10:22:12 [WARNING] SistemaBecas: Error calculando indicador para {'ID': 7, 'Codigo': 'BEC20210007', 'Nombre': 'Luis', 'Apellido': 'Campos Flores', 'Universidad': 'Universidad Don Bosco', 'Carrera': 'Medicina', 'Ciclo': '5', 'Correo': 'luis.campos@email.com', 'Telefono': '7755-4598', 'FechaIngreso': '2020-11-30', 'Monitor': 'Lic. María López', 'Estado': 'Activo', 'Fotografia': 'nan'}: cannot convert float NaN to integer
2026-06-29 10:22:12 [WARNING] SistemaBecas: Error calculando indicador para {'ID': 8, 'Codigo': 'BEC20230008', 'Nombre': 'Ana', 'Apellido': 'Cruz López', 'Universidad': 'Universidad de El Salvador', 'Carrera': 'Licenciatura en Administración de Empresas', 'Ciclo': '10', 'Correo': 'ana.cruz@email.com', 'Telefono': '7997-6155', 'FechaIngreso': '2021-07-02', 'Monitor': 'Lic. Carlos Rivas', 'Estado': 'Inactivo', 'Fotografia': 'nan'}: cannot convert float NaN to integer
2026-06-29 10:22:12 [WARNING] SistemaBecas: Error calculando indicador para {'ID': 9, 'Codigo': 'BEC20210009', 'Nombre': 'Sandra', 'Apellido': 'Aguilar Ramos', 'Universidad': 'Universidad Francisco Gavidia', 'Carrera': 'Psicología', 'Ciclo': '5', 'Correo': 'sandra.aguilar@email.com', 'Telefono': '7864-8019', 'FechaIngreso': '2021-05-20', 'Monitor': 'Lic. Roberto Chávez', 'Estado': 'Activo', 'Fotografia': 'nan'}: cannot convert float NaN to integer
2026-06-29 10:22:12 [WARNING] SistemaBecas: Error calculando indicador para {'ID': 10, 'Codigo': 'BEC20200010', 'Nombre': 'Paola', 'Apellido': 'Cruz Ramírez', 'Universidad': 'Universidad de El Salvador', 'Carrera': 'Licenciatura en Ciencias de la Computación', 'Ciclo': '3', 'Correo': 'paola.cruz@email.com', 'Telefono': '7742-3621', 'FechaIngreso': '2024-03-27', 'Monitor': 'Lic. Roberto Chávez', 'Estado': 'Activo', 'Fotografia': 'nan'}: cannot convert float NaN to integer
2026-06-29 10:22:12 [WARNING] SistemaBecas: Error calculando indicador para {'ID': 11, 'Codigo': 'BEC20230011', 'Nombre': 'Víctor', 'Apellido': 'González Ruiz', 'Universidad': 'Universidad Tecnológica de El Salvador', 'Carrera': 'Psicología', 'Ciclo': '1', 'Correo': 'víctor.gonzález@email.com', 'Telefono': '7796-2876', 'FechaIngreso': '2022-12-19', 'Monitor': 'Lic. María López', 'Estado': 'Activo', 'Fotografia': 'nan'}: cannot convert float NaN to integer
2026-06-29 10:22:12 [WARNING] SistemaBecas: Error calculando indicador para {'ID': 12, 'Codigo': 'BEC20230012', 'Nombre': 'Gabriela', 'Apellido': 'Sánchez Vargas', 'Universidad': 'Universidad Tecnológica de El Salvador', 'Carrera': 'Psicología', 'Ciclo': '3', 'Correo': 'gabriela.sánchez@email.com', 'Telefono': '7619-2743', 'FechaIngreso': '2020-01-07', 'Monitor': 'Lic. María López', 'Estado': 'Activo', 'Fotografia': 'nan'}: cannot convert float NaN to integer
2026-06-29 10:22:12 [WARNING] SistemaBecas: Error calculando indicador para {'ID': 13, 'Codigo': 'BEC20210013', 'Nombre': 'Guillermo', 'Apellido': 'Campos Gómez', 'Universidad': 'Universidad Francisco Gavidia', 'Carrera': 'Ingeniería en Sistemas Informáticos', 'Ciclo': '10', 'Correo': 'guillermo.campos@email.com', 'Telefono': '7431-9005', 'FechaIngreso': '2023-01-09', 'Monitor': 'Lic. Ana Mejía', 'Estado': 'Activo', 'Fotografia': 'nan'}: cannot convert float NaN to integer
2026-06-29 10:22:12 [WARNING] SistemaBecas: Error calculando indicador para {'ID': 14, 'Codigo': 'BEC20210014', 'Nombre': 'Sofía', 'Apellido': 'Moreno Mendoza', 'Universidad': 'Universidad de El Salvador', 'Carrera': 'Licenciatura en Ciencias de la Computación', 'Ciclo': '8', 'Correo': 'sofía.moreno@email.com', 'Telefono': '7935-2133', 'FechaIngreso': '2023-03-07', 'Monitor': 'Lic. Carlos Rivas', 'Estado': 'Activo', 'Fotografia': 'nan'}: cannot convert float NaN to integer
2026-06-29 10:22:12 [WARNING] SistemaBecas: Error calculando indicador para {'ID': 15, 'Codigo': 'BEC20240015', 'Nombre': 'Pedro', 'Apellido': 'Núñez Molina', 'Universidad': 'Universidad Don Bosco', 'Carrera': 'Licenciatura en Administración de Empresas', 'Ciclo': '9', 'Correo': 'pedro.núñez@email.com', 'Telefono': '7873-4295', 'FechaIngreso': '2023-05-27', 'Monitor': 'Lic. María López', 'Estado': 'Activo', 'Fotografia': 'nan'}: cannot convert float NaN to integer
2026-06-29 10:22:12 [WARNING] SistemaBecas: Error calculando indicador para {'ID': 16, 'Codigo': 'BEC20230016', 'Nombre': 'Verónica', 'Apellido': 'Moreno Vega', 'Universidad': 'Universidad Centroamericana José Simeón Cañas', 'Carrera': 'Licenciatura en Administración de Empresas', 'Ciclo': '2', 'Correo': 'verónica.moreno@email.com', 'Telefono': '7446-1344', 'FechaIngreso': '2020-09-04', 'Monitor': 'Lic. Carlos Rivas', 'Estado': 'Suspendido', 'Fotografia': 'nan'}: cannot convert float NaN to integer
2026-06-29 10:22:12 [WARNING] SistemaBecas: Error calculando indicador para {'ID': 17, 'Codigo': 'BEC20200017', 'Nombre': 'Rosa', 'Apellido': 'Cruz García', 'Universidad': 'Universidad de El Salvador', 'Carrera': 'Ingeniería en Sistemas Informáticos', 'Ciclo': '6', 'Correo': 'rosa.cruz@email.com', 'Telefono': '7172-9423', 'FechaIngreso': '2021-04-13', 'Monitor': 'Lic. Carlos Rivas', 'Estado': 'Activo', 'Fotografia': 'nan'}: cannot convert float NaN to integer
2026-06-29 10:22:12 [WARNING] SistemaBecas: Error calculando indicador para {'ID': 18, 'Codigo': 'BEC20240018', 'Nombre': 'Lucía', 'Apellido': 'Rojas Díaz', 'Universidad': 'Universidad Don Bosco', 'Carrera': 'Licenciatura en Administración de Empresas', 'Ciclo': '8', 'Correo': 'lucía.rojas@email.com', 'Telefono': '7926-7669', 'FechaIngreso': '2023-03-26', 'Monitor': 'Lic. Carlos Rivas', 'Estado': 'Activo', 'Fotografia': 'nan'}: cannot convert float NaN to integer
2026-06-29 10:22:12 [WARNING] SistemaBecas: Error calculando indicador para {'ID': 19, 'Codigo': 'BEC20230019', 'Nombre': 'Miguel', 'Apellido': 'Rodríguez Medina', 'Universidad': 'Universidad de El Salvador', 'Carrera': 'Licenciatura en Ciencias de la Computación', 'Ciclo': '1', 'Correo': 'miguel.rodríguez@email.com', 'Telefono': '7512-6559', 'FechaIngreso': '2022-08-14', 'Monitor': 'Lic. Ana Mejía', 'Estado': 'Activo', 'Fotografia': 'nan'}: cannot convert float NaN to integer
2026-06-29 10:22:12 [WARNING] SistemaBecas: Error calculando indicador para {'ID': 20, 'Codigo': 'BEC20210020', 'Nombre': 'Daniela', 'Apellido': 'Gómez Gómez', 'Universidad': 'Universidad Centroamericana José Simeón Cañas', 'Carrera': 'Ingeniería Civil', 'Ciclo': '8', 'Correo': 'daniela.gómez@email.com', 'Telefono': '7355-2235', 'FechaIngreso': '2022-05-14', 'Monitor': 'Lic. Roberto Chávez', 'Estado': 'Activo', 'Fotografia': 'nan'}: cannot convert float NaN to integer
2026-06-29 10:22:12 [WARNING] SistemaBecas: Error calculando indicador para {'ID': 21, 'Codigo': 'BEC20240021', 'Nombre': 'Claudia', 'Apellido': 'Rodríguez Hernández', 'Universidad': 'Universidad de El Salvador', 'Carrera': 'Licenciatura en Administración de Empresas', 'Ciclo': '3', 'Correo': 'claudia.rodríguez@email.com', 'Telefono': '7516-8956', 'FechaIngreso': '2020-01-31', 'Monitor': 'Lic. Roberto Chávez', 'Estado': 'Activo', 'Fotografia': 'nan'}: cannot convert float NaN to integer
2026-06-29 10:22:12 [WARNING] SistemaBecas: Error calculando indicador para {'ID': 22, 'Codigo': 'BEC20200022', 'Nombre': 'Camila', 'Apellido': 'Aguilar Hernández', 'Universidad': 'Universidad Tecnológica de El Salvador', 'Carrera': 'Arquitectura', 'Ciclo': '5', 'Correo': 'camila.aguilar@email.com', 'Telefono': '7533-8973', 'FechaIngreso': '2022-03-10', 'Monitor': 'Lic. Carlos Rivas', 'Estado': 'Activo', 'Fotografia': 'nan'}: cannot convert float NaN to integer
2026-06-29 10:22:12 [WARNING] SistemaBecas: Error calculando indicador para {'ID': 23, 'Codigo': 'BEC20240023', 'Nombre': 'Diego', 'Apellido': 'Vargas Díaz', 'Universidad': 'Universidad Francisco Gavidia', 'Carrera': 'Ingeniería en Sistemas Informáticos', 'Ciclo': '6', 'Correo': 'diego.vargas@email.com', 'Telefono': '7158-1821', 'FechaIngreso': '2024-02-15', 'Monitor': 'Lic. Roberto Chávez', 'Estado': 'Egresado', 'Fotografia': 'nan'}: cannot convert float NaN to integer
2026-06-29 10:22:12 [WARNING] SistemaBecas: Error calculando indicador para {'ID': 24, 'Codigo': 'BEC20240024', 'Nombre': 'Guillermo', 'Apellido': 'Domínguez Flores', 'Universidad': 'Universidad Centroamericana José Simeón Cañas', 'Carrera': 'Licenciatura en Ciencias de la Computación', 'Ciclo': '10', 'Correo': 'guillermo.domínguez@email.com', 'Telefono': '7169-4853', 'FechaIngreso': '2020-06-13', 'Monitor': 'Lic. Roberto Chávez', 'Estado': 'Activo', 'Fotografia': 'nan'}: cannot convert float NaN to integer
2026-06-29 10:22:12 [WARNING] SistemaBecas: Error calculando indicador para {'ID': 25, 'Codigo': 'BEC20200025', 'Nombre': 'Sofía', 'Apellido': 'Ríos Morales', 'Universidad': 'Universidad de El Salvador', 'Carrera': 'Medicina', 'Ciclo': '10', 'Correo': 'sofía.ríos@email.com', 'Telefono': '7678-9565', 'FechaIngreso': '2023-06-22', 'Monitor': 'Lic. María López', 'Estado': 'Activo', 'Fotografia': 'nan'}: cannot convert float NaN to integer
2026-06-29 10:22:12 [WARNING] SistemaBecas: Error calculando indicador para {'ID': 26, 'Codigo': 'BEC20230026', 'Nombre': 'Fernando', 'Apellido': 'Díaz Álvarez', 'Universidad': 'Universidad Tecnológica de El Salvador', 'Carrera': 'Arquitectura', 'Ciclo': '6', 'Correo': 'fernando.díaz@email.com', 'Telefono': '7869-2188', 'FechaIngreso': '2020-09-25', 'Monitor': 'Lic. Ana Mejía', 'Estado': 'Activo', 'Fotografia': 'nan'}: cannot convert float NaN to integer
2026-06-29 10:22:12 [WARNING] SistemaBecas: Error calculando indicador para {'ID': 27, 'Codigo': 'BEC20200027', 'Nombre': 'Patricia', 'Apellido': 'Castro Ríos', 'Universidad': 'Universidad Centroamericana José Simeón Cañas', 'Carrera': 'Psicología', 'Ciclo': '5', 'Correo': 'patricia.castro@email.com', 'Telefono': '7235-6718', 'FechaIngreso': '2023-01-06', 'Monitor': 'Lic. Ana Mejía', 'Estado': 'Egresado', 'Fotografia': 'nan'}: cannot convert float NaN to integer
2026-06-29 10:22:12 [WARNING] SistemaBecas: Error calculando indicador para {'ID': 28, 'Codigo': 'BEC20240028', 'Nombre': 'Daniela', 'Apellido': 'Moreno Vargas', 'Universidad': 'Universidad Tecnológica de El Salvador', 'Carrera': 'Derecho', 'Ciclo': '9', 'Correo': 'daniela.moreno@email.com', 'Telefono': '7108-5905', 'FechaIngreso': '2023-12-11', 'Monitor': 'Lic. Ana Mejía', 'Estado': 'Activo', 'Fotografia': 'nan'}: cannot convert float NaN to integer
2026-06-29 10:22:12 [WARNING] SistemaBecas: Error calculando indicador para {'ID': 29, 'Codigo': 'BEC20240029', 'Nombre': 'Pedro', 'Apellido': 'Reyes Sánchez', 'Universidad': 'Universidad Tecnológica de El Salvador', 'Carrera': 'Ingeniería Civil', 'Ciclo': '10', 'Correo': 'pedro.reyes@email.com', 'Telefono': '7315-6617', 'FechaIngreso': '2020-11-14', 'Monitor': 'Lic. Carlos Rivas', 'Estado': 'Suspendido', 'Fotografia': 'nan'}: cannot convert float NaN to integer
2026-06-29 10:22:12 [WARNING] SistemaBecas: Error calculando indicador para {'ID': 30, 'Codigo': 'BEC20200030', 'Nombre': 'Fernando', 'Apellido': 'Herrera Rojas', 'Universidad': 'Universidad Don Bosco', 'Carrera': 'Ingeniería Civil', 'Ciclo': '1', 'Correo': 'fernando.herrera@email.com', 'Telefono': '7103-6464', 'FechaIngreso': '2020-07-08', 'Monitor': 'Lic. Carlos Rivas', 'Estado': 'Activo', 'Fotografia': 'nan'}: cannot convert float NaN to integer
2026-06-29 10:22:12 [WARNING] SistemaBecas: Error calculando indicador para {'ID': 31, 'Codigo': 'BEC20230031', 'Nombre': 'Fernando', 'Apellido': 'Flores Vega', 'Universidad': 'Universidad de El Salvador', 'Carrera': 'Licenciatura en Ciencias de la Computación', 'Ciclo': '2', 'Correo': 'fernando.flores@email.com', 'Telefono': '7807-3442', 'FechaIngreso': '2023-02-22', 'Monitor': 'Lic. Ana Mejía', 'Estado': 'Activo', 'Fotografia': 'nan'}: cannot convert float NaN to integer
2026-06-29 10:22:12 [WARNING] SistemaBecas: Error calculando indicador para {'ID': 32, 'Codigo': 'BEC20210032', 'Nombre': 'Paola', 'Apellido': 'Espinoza Molina', 'Universidad': 'Universidad Tecnológica de El Salvador', 'Carrera': 'Licenciatura en Contaduría Pública', 'Ciclo': '1', 'Correo': 'paola.espinoza@email.com', 'Telefono': '7466-4441', 'FechaIngreso': '2020-03-26', 'Monitor': 'Lic. Carlos Rivas', 'Estado': 'Activo', 'Fotografia': 'nan'}: cannot convert float NaN to integer
2026-06-29 10:22:12 [WARNING] SistemaBecas: Error calculando indicador para {'ID': 33, 'Codigo': 'BEC20230033', 'Nombre': 'Miguel', 'Apellido': 'Jiménez Molina', 'Universidad': 'Universidad Centroamericana José Simeón Cañas', 'Carrera': 'Licenciatura en Administración de Empresas', 'Ciclo': '3', 'Correo': 'miguel.jiménez@email.com', 'Telefono': '7919-3900', 'FechaIngreso': '2023-06-25', 'Monitor': 'Lic. Roberto Chávez', 'Estado': 'Suspendido', 'Fotografia': 'nan'}: cannot convert float NaN to integer
2026-06-29 10:22:12 [WARNING] SistemaBecas: Error calculando indicador para {'ID': 34, 'Codigo': 'BEC20230034', 'Nombre': 'María', 'Apellido': 'Rivera Castillo', 'Universidad': 'Universidad Centroamericana José Simeón Cañas', 'Carrera': 'Ingeniería Civil', 'Ciclo': '3', 'Correo': 'maría.rivera@email.com', 'Telefono': '7906-2771', 'FechaIngreso': '2024-06-30', 'Monitor': 'Lic. Roberto Chávez', 'Estado': 'Activo', 'Fotografia': 'nan'}: cannot convert float NaN to integer
2026-06-29 10:22:12 [WARNING] SistemaBecas: Error calculando indicador para {'ID': 35, 'Codigo': 'BEC20230035', 'Nombre': 'José', 'Apellido': 'Núñez Cruz', 'Universidad': 'Universidad Tecnológica de El Salvador', 'Carrera': 'Licenciatura en Administración de Empresas', 'Ciclo': '4', 'Correo': 'josé.núñez@email.com', 'Telefono': '7124-4164', 'FechaIngreso': '2021-12-17', 'Monitor': 'Lic. Roberto Chávez', 'Estado': 'Activo', 'Fotografia': 'nan'}: cannot convert float NaN to integer
2026-06-29 10:22:12 [WARNING] SistemaBecas: Error calculando indicador para {'ID': 36, 'Codigo': 'BEC20220036', 'Nombre': 'Gabriela', 'Apellido': 'Gutiérrez González', 'Universidad': 'Universidad Francisco Gavidia', 'Carrera': 'Medicina', 'Ciclo': '9', 'Correo': 'gabriela.gutiérrez@email.com', 'Telefono': '7439-1452', 'FechaIngreso': '2021-12-20', 'Monitor': 'Lic. Ana Mejía', 'Estado': 'Egresado', 'Fotografia': 'nan'}: cannot convert float NaN to integer
2026-06-29 10:22:12 [WARNING] SistemaBecas: Error calculando indicador para {'ID': 37, 'Codigo': 'BEC20220037', 'Nombre': 'Fernando', 'Apellido': 'Rivera Espinoza', 'Universidad': 'Universidad de El Salvador', 'Carrera': 'Derecho', 'Ciclo': '7', 'Correo': 'fernando.rivera@email.com', 'Telefono': '7453-6139', 'FechaIngreso': '2020-03-19', 'Monitor': 'Lic. Roberto Chávez', 'Estado': 'Egresado', 'Fotografia': 'nan'}: cannot convert float NaN to integer
2026-06-29 10:22:12 [WARNING] SistemaBecas: Error calculando indicador para {'ID': 38, 'Codigo': 'BEC20240038', 'Nombre': 'Víctor', 'Apellido': 'Herrera Sánchez', 'Universidad': 'Universidad Tecnológica de El Salvador', 'Carrera': 'Ingeniería en Sistemas Informáticos', 'Ciclo': '7', 'Correo': 'víctor.herrera@email.com', 'Telefono': '7101-9518', 'FechaIngreso': '2021-01-24', 'Monitor': 'Lic. Carlos Rivas', 'Estado': 'Activo', 'Fotografia': 'nan'}: cannot convert float NaN to integer
2026-06-29 10:22:12 [WARNING] SistemaBecas: Error calculando indicador para {'ID': 39, 'Codigo': 'BEC20220039', 'Nombre': 'Paola', 'Apellido': 'Medina González', 'Universidad': 'Universidad Tecnológica de El Salvador', 'Carrera': 'Licenciatura en Ciencias de la Computación', 'Ciclo': '5', 'Correo': 'paola.medina@email.com', 'Telefono': '7619-6067', 'FechaIngreso': '2023-06-30', 'Monitor': 'Lic. Roberto Chávez', 'Estado': 'Egresado', 'Fotografia': 'nan'}: cannot convert float NaN to integer
2026-06-29 10:22:12 [WARNING] SistemaBecas: Error calculando indicador para {'ID': 40, 'Codigo': 'BEC20210040', 'Nombre': 'Eduardo', 'Apellido': 'Aguilar Vargas', 'Universidad': 'Universidad Don Bosco', 'Carrera': 'Ingeniería Industrial', 'Ciclo': '10', 'Correo': 'eduardo.aguilar@email.com', 'Telefono': '7682-5930', 'FechaIngreso': '2022-05-11', 'Monitor': 'Lic. Roberto Chávez', 'Estado': 'Activo', 'Fotografia': 'nan'}: cannot convert float NaN to integer
2026-06-29 10:22:12 [WARNING] SistemaBecas: Error calculando indicador para {'ID': 41, 'Codigo': 'BEC20230041', 'Nombre': 'Claudia', 'Apellido': 'García Mendoza', 'Universidad': 'Universidad Francisco Gavidia', 'Carrera': 'Derecho', 'Ciclo': '6', 'Correo': 'claudia.garcía@email.com', 'Telefono': '7576-8238', 'FechaIngreso': '2024-05-28', 'Monitor': 'Lic. Roberto Chávez', 'Estado': 'Activo', 'Fotografia': 'nan'}: cannot convert float NaN to integer
2026-06-29 10:22:12 [WARNING] SistemaBecas: Error calculando indicador para {'ID': 42, 'Codigo': 'BEC20210042', 'Nombre': 'Camila', 'Apellido': 'Herrera Núñez', 'Universidad': 'Universidad de El Salvador', 'Carrera': 'Ingeniería Civil', 'Ciclo': '9', 'Correo': 'camila.herrera@email.com', 'Telefono': '7779-6491', 'FechaIngreso': '2023-09-11', 'Monitor': 'Lic. Ana Mejía', 'Estado': 'Activo', 'Fotografia': 'nan'}: cannot convert float NaN to integer
2026-06-29 10:22:12 [WARNING] SistemaBecas: Error calculando indicador para {'ID': 43, 'Codigo': 'BEC20210043', 'Nombre': 'Daniela', 'Apellido': 'Mendoza Cruz', 'Universidad': 'Universidad de El Salvador', 'Carrera': 'Licenciatura en Administración de Empresas', 'Ciclo': '8', 'Correo': 'daniela.mendoza@email.com', 'Telefono': '7725-2193', 'FechaIngreso': '2020-02-20', 'Monitor': 'Lic. Roberto Chávez', 'Estado': 'Inactivo', 'Fotografia': 'nan'}: cannot convert float NaN to integer
2026-06-29 10:22:12 [WARNING] SistemaBecas: Error calculando indicador para {'ID': 44, 'Codigo': 'BEC20230044', 'Nombre': 'Héctor', 'Apellido': 'Ríos Gómez', 'Universidad': 'Universidad Don Bosco', 'Carrera': 'Licenciatura en Administración de Empresas', 'Ciclo': '3', 'Correo': 'héctor.ríos@email.com', 'Telefono': '7771-1090', 'FechaIngreso': '2022-10-09', 'Monitor': 'Lic. Ana Mejía', 'Estado': 'Activo', 'Fotografia': 'nan'}: cannot convert float NaN to integer
2026-06-29 10:22:12 [WARNING] SistemaBecas: Error calculando indicador para {'ID': 45, 'Codigo': 'BEC20240045', 'Nombre': 'Carla', 'Apellido': 'Cruz Rivera', 'Universidad': 'Universidad de El Salvador', 'Carrera': 'Psicología', 'Ciclo': '4', 'Correo': 'carla.cruz@email.com', 'Telefono': '7968-2988', 'FechaIngreso': '2022-08-09', 'Monitor': 'Lic. Roberto Chávez', 'Estado': 'Inactivo', 'Fotografia': 'nan'}: cannot convert float NaN to integer
2026-06-29 10:22:12 [WARNING] SistemaBecas: Error calculando indicador para {'ID': 46, 'Codigo': 'BEC20240046', 'Nombre': 'Pedro', 'Apellido': 'Ramos Domínguez', 'Universidad': 'Universidad Don Bosco', 'Carrera': 'Derecho', 'Ciclo': '9', 'Correo': 'pedro.ramos@email.com', 'Telefono': '7536-9976', 'FechaIngreso': '2021-10-11', 'Monitor': 'Lic. Roberto Chávez', 'Estado': 'Egresado', 'Fotografia': 'nan'}: cannot convert float NaN to integer
2026-06-29 10:22:12 [WARNING] SistemaBecas: Error calculando indicador para {'ID': 47, 'Codigo': 'BEC20210047', 'Nombre': 'Andrés', 'Apellido': 'Núñez Vega', 'Universidad': 'Universidad Tecnológica de El Salvador', 'Carrera': 'Psicología', 'Ciclo': '8', 'Correo': 'andrés.núñez@email.com', 'Telefono': '7741-4919', 'FechaIngreso': '2023-07-29', 'Monitor': 'Lic. María López', 'Estado': 'Activo', 'Fotografia': 'nan'}: cannot convert float NaN to integer
2026-06-29 10:22:12 [WARNING] SistemaBecas: Error calculando indicador para {'ID': 48, 'Codigo': 'BEC20220048', 'Nombre': 'Ricardo', 'Apellido': 'González Vargas', 'Universidad': 'Universidad Francisco Gavidia', 'Carrera': 'Licenciatura en Ciencias de la Computación', 'Ciclo': '3', 'Correo': 'ricardo.gonzález@email.com', 'Telefono': '7254-4788', 'FechaIngreso': '2021-10-16', 'Monitor': 'Lic. Roberto Chávez', 'Estado': 'Activo', 'Fotografia': 'nan'}: cannot convert float NaN to integer
2026-06-29 10:22:12 [WARNING] SistemaBecas: Error calculando indicador para {'ID': 49, 'Codigo': 'BEC20220049', 'Nombre': 'Valentina', 'Apellido': 'Díaz González', 'Universidad': 'Universidad Don Bosco', 'Carrera': 'Medicina', 'Ciclo': '1', 'Correo': 'valentina.díaz@email.com', 'Telefono': '7311-7883', 'FechaIngreso': '2023-01-16', 'Monitor': 'Lic. Roberto Chávez', 'Estado': 'Activo', 'Fotografia': 'nan'}: cannot convert float NaN to integer
2026-06-29 10:22:12 [WARNING] SistemaBecas: Error calculando indicador para {'ID': 50, 'Codigo': 'BEC20200050', 'Nombre': 'Rosa', 'Apellido': 'Martínez Ríos', 'Universidad': 'Universidad Tecnológica de El Salvador', 'Carrera': 'Medicina', 'Ciclo': '7', 'Correo': 'rosa.martínez@email.com', 'Telefono': '7651-9947', 'FechaIngreso': '2021-12-21', 'Monitor': 'Lic. Carlos Rivas', 'Estado': 'Activo', 'Fotografia': 'nan'}: cannot convert float NaN to integer
2026-06-29 10:22:45 [INFO] SistemaBecas: === Iniciando Sistema Inteligente de Becados ===
2026-06-29 10:22:48 [INFO] SistemaBecas: Aplicación iniciada correctamente.
2026-06-29 10:28:05 [INFO] SistemaBecas: Aplicación cerrada.
2026-06-29 10:28:44 [INFO] SistemaBecas: === Iniciando Sistema Inteligente de Becados ===
2026-06-29 10:28:48 [INFO] SistemaBecas: Aplicación iniciada correctamente.
2026-06-29 10:39:01 [INFO] SistemaBecas: Estudiante eliminado ID=103
2026-06-29 10:41:35 [INFO] SistemaBecas: Aplicación cerrada.
2026-06-29 11:24:21 [INFO] SistemaBecas: === Iniciando Sistema Inteligente de Becados ===
2026-06-29 11:24:26 [INFO] SistemaBecas: Aplicación iniciada correctamente.
2026-06-29 11:25:31 [INFO] SistemaBecas: Aplicación cerrada.
2026-06-29 13:42:39 [INFO] SistemaBecas: === Iniciando Sistema Inteligente de Becados ===
2026-06-29 13:42:45 [INFO] SistemaBecas: Aplicación iniciada correctamente.
2026-06-29 13:44:00 [INFO] SistemaBecas: Aplicación cerrada.
